Starting task 1 on dta170056.science.uva.nl at Thu Apr  2 11:33:01 AM CEST 2026
Capacity assignment: 5000/860176 nodes (0.6%), 12 active communities
Capacity assignment: 10000/860176 nodes (1.2%), 12 active communities
Capacity assignment: 15000/860176 nodes (1.7%), 12 active communities
Capacity assignment: 20000/860176 nodes (2.3%), 12 active communities
Capacity assignment: 25000/860176 nodes (2.9%), 12 active communities
Capacity assignment: 30000/860176 nodes (3.5%), 12 active communities
Capacity assignment: 35000/860176 nodes (4.1%), 12 active communities
Capacity assignment: 40000/860176 nodes (4.7%), 12 active communities
Capacity assignment: 45000/860176 nodes (5.2%), 12 active communities
Capacity assignment: 50000/860176 nodes (5.8%), 12 active communities
Capacity assignment: 55000/860176 nodes (6.4%), 12 active communities
Capacity assignment: 60000/860176 nodes (7.0%), 12 active communities
Capacity assignment: 65000/860176 nodes (7.6%), 12 active communities
Capacity assignment: 70000/860176 nodes (8.1%), 12 active communities
Capacity assignment: 75000/860176 nodes (8.7%), 12 active communities
Capacity assignment: 80000/860176 nodes (9.3%), 12 active communities
Capacity assignment: 85000/860176 nodes (9.9%), 12 active communities
Capacity assignment: 90000/860176 nodes (10.5%), 12 active communities
Capacity assignment: 95000/860176 nodes (11.0%), 12 active communities
Capacity assignment: 100000/860176 nodes (11.6%), 12 active communities
Capacity assignment: 105000/860176 nodes (12.2%), 12 active communities
Capacity assignment: 110000/860176 nodes (12.8%), 12 active communities
Capacity assignment: 115000/860176 nodes (13.4%), 12 active communities
Capacity assignment: 120000/860176 nodes (14.0%), 12 active communities
Capacity assignment: 125000/860176 nodes (14.5%), 12 active communities
Capacity assignment: 130000/860176 nodes (15.1%), 12 active communities
Capacity assignment: 135000/860176 nodes (15.7%), 12 active communities
Capacity assignment: 140000/860176 nodes (16.3%), 12 active communities
Capacity assignment: 145000/860176 nodes (16.9%), 12 active communities
Capacity assignment: 150000/860176 nodes (17.4%), 12 active communities
Capacity assignment: 155000/860176 nodes (18.0%), 12 active communities
Capacity assignment: 160000/860176 nodes (18.6%), 12 active communities
Capacity assignment: 165000/860176 nodes (19.2%), 12 active communities
Capacity assignment: 170000/860176 nodes (19.8%), 12 active communities
Capacity assignment: 175000/860176 nodes (20.3%), 12 active communities
Capacity assignment: 180000/860176 nodes (20.9%), 12 active communities
Capacity assignment: 185000/860176 nodes (21.5%), 12 active communities
Capacity assignment: 190000/860176 nodes (22.1%), 12 active communities
Capacity assignment: 195000/860176 nodes (22.7%), 12 active communities
Capacity assignment: 200000/860176 nodes (23.3%), 12 active communities
Capacity assignment: 205000/860176 nodes (23.8%), 12 active communities
Capacity assignment: 210000/860176 nodes (24.4%), 12 active communities
Capacity assignment: 215000/860176 nodes (25.0%), 12 active communities
Capacity assignment: 220000/860176 nodes (25.6%), 12 active communities
Capacity assignment: 225000/860176 nodes (26.2%), 12 active communities
Capacity assignment: 230000/860176 nodes (26.7%), 12 active communities
Capacity assignment: 235000/860176 nodes (27.3%), 12 active communities
Capacity assignment: 240000/860176 nodes (27.9%), 12 active communities
Capacity assignment: 245000/860176 nodes (28.5%), 12 active communities
Capacity assignment: 250000/860176 nodes (29.1%), 12 active communities
Capacity assignment: 255000/860176 nodes (29.6%), 12 active communities
Capacity assignment: 260000/860176 nodes (30.2%), 12 active communities
Capacity assignment: 265000/860176 nodes (30.8%), 12 active communities
Capacity assignment: 270000/860176 nodes (31.4%), 12 active communities
Capacity assignment: 275000/860176 nodes (32.0%), 12 active communities
Capacity assignment: 280000/860176 nodes (32.6%), 12 active communities
Capacity assignment: 285000/860176 nodes (33.1%), 12 active communities
Capacity assignment: 290000/860176 nodes (33.7%), 12 active communities
Capacity assignment: 295000/860176 nodes (34.3%), 12 active communities
Capacity assignment: 300000/860176 nodes (34.9%), 12 active communities
Capacity assignment: 305000/860176 nodes (35.5%), 12 active communities
Capacity assignment: 310000/860176 nodes (36.0%), 12 active communities
Capacity assignment: 315000/860176 nodes (36.6%), 12 active communities
Capacity assignment: 320000/860176 nodes (37.2%), 12 active communities
Capacity assignment: 325000/860176 nodes (37.8%), 12 active communities
Capacity assignment: 330000/860176 nodes (38.4%), 12 active communities
Capacity assignment: 335000/860176 nodes (38.9%), 12 active communities
Capacity assignment: 340000/860176 nodes (39.5%), 12 active communities
Capacity assignment: 345000/860176 nodes (40.1%), 12 active communities
Capacity assignment: 350000/860176 nodes (40.7%), 12 active communities
Capacity assignment: 355000/860176 nodes (41.3%), 12 active communities
Capacity assignment: 360000/860176 nodes (41.9%), 12 active communities
Capacity assignment: 365000/860176 nodes (42.4%), 12 active communities
Capacity assignment: 370000/860176 nodes (43.0%), 12 active communities
Capacity assignment: 375000/860176 nodes (43.6%), 12 active communities
Capacity assignment: 380000/860176 nodes (44.2%), 12 active communities
Capacity assignment: 385000/860176 nodes (44.8%), 12 active communities
Capacity assignment: 390000/860176 nodes (45.3%), 12 active communities
Capacity assignment: 395000/860176 nodes (45.9%), 12 active communities
Capacity assignment: 400000/860176 nodes (46.5%), 12 active communities
Capacity assignment: 405000/860176 nodes (47.1%), 12 active communities
Capacity assignment: 410000/860176 nodes (47.7%), 12 active communities
Capacity assignment: 415000/860176 nodes (48.2%), 12 active communities
Capacity assignment: 420000/860176 nodes (48.8%), 12 active communities
Capacity assignment: 425000/860176 nodes (49.4%), 12 active communities
Capacity assignment: 430000/860176 nodes (50.0%), 12 active communities
Capacity assignment: 435000/860176 nodes (50.6%), 12 active communities
Capacity assignment: 440000/860176 nodes (51.2%), 12 active communities
Capacity assignment: 445000/860176 nodes (51.7%), 12 active communities
Capacity assignment: 450000/860176 nodes (52.3%), 12 active communities
Capacity assignment: 455000/860176 nodes (52.9%), 12 active communities
Capacity assignment: 460000/860176 nodes (53.5%), 12 active communities
Capacity assignment: 465000/860176 nodes (54.1%), 12 active communities
Capacity assignment: 470000/860176 nodes (54.6%), 12 active communities
Capacity assignment: 475000/860176 nodes (55.2%), 12 active communities
Capacity assignment: 480000/860176 nodes (55.8%), 12 active communities
Capacity assignment: 485000/860176 nodes (56.4%), 12 active communities
Capacity assignment: 490000/860176 nodes (57.0%), 12 active communities
Capacity assignment: 495000/860176 nodes (57.5%), 12 active communities
Capacity assignment: 500000/860176 nodes (58.1%), 12 active communities
Capacity assignment: 505000/860176 nodes (58.7%), 12 active communities
Capacity assignment: 510000/860176 nodes (59.3%), 12 active communities
Capacity assignment: 515000/860176 nodes (59.9%), 12 active communities
Capacity assignment: 520000/860176 nodes (60.5%), 12 active communities
Capacity assignment: 525000/860176 nodes (61.0%), 12 active communities
Capacity assignment: 530000/860176 nodes (61.6%), 12 active communities
Capacity assignment: 535000/860176 nodes (62.2%), 12 active communities
Capacity assignment: 540000/860176 nodes (62.8%), 12 active communities
Capacity assignment: 545000/860176 nodes (63.4%), 12 active communities
Capacity assignment: 550000/860176 nodes (63.9%), 12 active communities
Capacity assignment: 555000/860176 nodes (64.5%), 12 active communities
Capacity assignment: 560000/860176 nodes (65.1%), 12 active communities
Capacity assignment: 565000/860176 nodes (65.7%), 12 active communities
Capacity assignment: 570000/860176 nodes (66.3%), 12 active communities
Capacity assignment: 575000/860176 nodes (66.8%), 12 active communities
Capacity assignment: 580000/860176 nodes (67.4%), 12 active communities
Capacity assignment: 585000/860176 nodes (68.0%), 12 active communities
Capacity assignment: 590000/860176 nodes (68.6%), 12 active communities
Capacity assignment: 595000/860176 nodes (69.2%), 12 active communities
Capacity assignment: 600000/860176 nodes (69.8%), 12 active communities
Capacity assignment: 605000/860176 nodes (70.3%), 12 active communities
Capacity assignment: 610000/860176 nodes (70.9%), 12 active communities
Capacity assignment: 615000/860176 nodes (71.5%), 12 active communities
Capacity assignment: 620000/860176 nodes (72.1%), 12 active communities
Capacity assignment: 625000/860176 nodes (72.7%), 12 active communities
Capacity assignment: 630000/860176 nodes (73.2%), 12 active communities
Capacity assignment: 635000/860176 nodes (73.8%), 12 active communities
Capacity assignment: 640000/860176 nodes (74.4%), 12 active communities
Capacity assignment: 645000/860176 nodes (75.0%), 12 active communities
Capacity assignment: 650000/860176 nodes (75.6%), 12 active communities
Capacity assignment: 655000/860176 nodes (76.1%), 12 active communities
Capacity assignment: 660000/860176 nodes (76.7%), 12 active communities
Capacity assignment: 665000/860176 nodes (77.3%), 12 active communities
Capacity assignment: 670000/860176 nodes (77.9%), 12 active communities
Capacity assignment: 675000/860176 nodes (78.5%), 12 active communities
Capacity assignment: 680000/860176 nodes (79.1%), 12 active communities
Capacity assignment: 685000/860176 nodes (79.6%), 12 active communities
Capacity assignment: 690000/860176 nodes (80.2%), 12 active communities
Capacity assignment: 695000/860176 nodes (80.8%), 12 active communities
Capacity assignment: 700000/860176 nodes (81.4%), 12 active communities
Capacity assignment: 705000/860176 nodes (82.0%), 12 active communities
Capacity assignment: 710000/860176 nodes (82.5%), 12 active communities
Capacity assignment: 715000/860176 nodes (83.1%), 12 active communities
Capacity assignment: 720000/860176 nodes (83.7%), 12 active communities
Capacity assignment: 725000/860176 nodes (84.3%), 12 active communities
Capacity assignment: 730000/860176 nodes (84.9%), 12 active communities
Capacity assignment: 735000/860176 nodes (85.4%), 12 active communities
Capacity assignment: 740000/860176 nodes (86.0%), 12 active communities
Capacity assignment: 745000/860176 nodes (86.6%), 12 active communities
Capacity assignment: 750000/860176 nodes (87.2%), 12 active communities
Capacity assignment: 755000/860176 nodes (87.8%), 12 active communities
Capacity assignment: 760000/860176 nodes (88.4%), 12 active communities
Capacity assignment: 765000/860176 nodes (88.9%), 12 active communities
Capacity assignment: 770000/860176 nodes (89.5%), 12 active communities
Capacity assignment: 775000/860176 nodes (90.1%), 12 active communities
Capacity assignment: 780000/860176 nodes (90.7%), 12 active communities
Capacity assignment: 785000/860176 nodes (91.3%), 12 active communities
Capacity assignment: 790000/860176 nodes (91.8%), 12 active communities
Capacity assignment: 795000/860176 nodes (92.4%), 12 active communities
Capacity assignment: 800000/860176 nodes (93.0%), 12 active communities
Capacity assignment: 805000/860176 nodes (93.6%), 12 active communities
Capacity assignment: 810000/860176 nodes (94.2%), 12 active communities
Capacity assignment: 815000/860176 nodes (94.7%), 12 active communities
Capacity assignment: 820000/860176 nodes (95.3%), 12 active communities
Capacity assignment: 825000/860176 nodes (95.9%), 12 active communities
Capacity assignment: 830000/860176 nodes (96.5%), 12 active communities
Capacity assignment: 835000/860176 nodes (97.1%), 12 active communities
Capacity assignment: 840000/860176 nodes (97.7%), 12 active communities
Capacity assignment: 845000/860176 nodes (98.2%), 12 active communities
Capacity assignment: 850000/860176 nodes (98.8%), 12 active communities
Capacity assignment: 855000/860176 nodes (99.4%), 12 active communities
Capacity assignment: 860000/860176 nodes (100.0%), 12 active communities
Capacity-based assignment complete: 860176 nodes -> 12 active communities
Processing pair 1 of 100
Processing pair 100 of 100
Capacity assignment: 5000/860176 nodes (0.6%), 12 active communities
Capacity assignment: 10000/860176 nodes (1.2%), 13 active communities
Capacity assignment: 15000/860176 nodes (1.7%), 16 active communities
Capacity assignment: 20000/860176 nodes (2.3%), 18 active communities
Capacity assignment: 25000/860176 nodes (2.9%), 20 active communities
Capacity assignment: 30000/860176 nodes (3.5%), 22 active communities
Capacity assignment: 35000/860176 nodes (4.1%), 26 active communities
Capacity assignment: 40000/860176 nodes (4.7%), 29 active communities
Capacity assignment: 45000/860176 nodes (5.2%), 33 active communities
Capacity assignment: 50000/860176 nodes (5.8%), 37 active communities
Capacity assignment: 55000/860176 nodes (6.4%), 40 active communities
Capacity assignment: 60000/860176 nodes (7.0%), 43 active communities
Capacity assignment: 65000/860176 nodes (7.6%), 46 active communities
Capacity assignment: 70000/860176 nodes (8.1%), 47 active communities
Capacity assignment: 75000/860176 nodes (8.7%), 49 active communities
Capacity assignment: 80000/860176 nodes (9.3%), 51 active communities
Capacity assignment: 85000/860176 nodes (9.9%), 54 active communities
Capacity assignment: 90000/860176 nodes (10.5%), 55 active communities
Capacity assignment: 95000/860176 nodes (11.0%), 57 active communities
Capacity assignment: 100000/860176 nodes (11.6%), 59 active communities
Capacity assignment: 105000/860176 nodes (12.2%), 61 active communities
Capacity assignment: 110000/860176 nodes (12.8%), 64 active communities
Capacity assignment: 115000/860176 nodes (13.4%), 67 active communities
Capacity assignment: 120000/860176 nodes (14.0%), 70 active communities
Capacity assignment: 125000/860176 nodes (14.5%), 71 active communities
Capacity assignment: 130000/860176 nodes (15.1%), 74 active communities
Capacity assignment: 135000/860176 nodes (15.7%), 76 active communities
Capacity assignment: 140000/860176 nodes (16.3%), 78 active communities
Capacity assignment: 145000/860176 nodes (16.9%), 78 active communities
Capacity assignment: 150000/860176 nodes (17.4%), 81 active communities
Capacity assignment: 155000/860176 nodes (18.0%), 82 active communities
Capacity assignment: 160000/860176 nodes (18.6%), 83 active communities
Capacity assignment: 165000/860176 nodes (19.2%), 83 active communities
Capacity assignment: 170000/860176 nodes (19.8%), 84 active communities
Capacity assignment: 175000/860176 nodes (20.3%), 85 active communities
Capacity assignment: 180000/860176 nodes (20.9%), 85 active communities
Capacity assignment: 185000/860176 nodes (21.5%), 86 active communities
Capacity assignment: 190000/860176 nodes (22.1%), 88 active communities
Capacity assignment: 195000/860176 nodes (22.7%), 89 active communities
Capacity assignment: 200000/860176 nodes (23.3%), 90 active communities
Capacity assignment: 205000/860176 nodes (23.8%), 90 active communities
Capacity assignment: 210000/860176 nodes (24.4%), 92 active communities
Capacity assignment: 215000/860176 nodes (25.0%), 93 active communities
Capacity assignment: 220000/860176 nodes (25.6%), 94 active communities
Capacity assignment: 225000/860176 nodes (26.2%), 94 active communities
Capacity assignment: 230000/860176 nodes (26.7%), 94 active communities
Capacity assignment: 235000/860176 nodes (27.3%), 94 active communities
Capacity assignment: 240000/860176 nodes (27.9%), 94 active communities
Capacity assignment: 245000/860176 nodes (28.5%), 94 active communities
Capacity assignment: 250000/860176 nodes (29.1%), 95 active communities
Capacity assignment: 255000/860176 nodes (29.6%), 97 active communities
Capacity assignment: 260000/860176 nodes (30.2%), 99 active communities
Capacity assignment: 265000/860176 nodes (30.8%), 101 active communities
Capacity assignment: 270000/860176 nodes (31.4%), 101 active communities
Capacity assignment: 275000/860176 nodes (32.0%), 102 active communities
Capacity assignment: 280000/860176 nodes (32.6%), 102 active communities
Capacity assignment: 285000/860176 nodes (33.1%), 102 active communities
Capacity assignment: 290000/860176 nodes (33.7%), 102 active communities
Capacity assignment: 295000/860176 nodes (34.3%), 103 active communities
Capacity assignment: 300000/860176 nodes (34.9%), 104 active communities
Capacity assignment: 305000/860176 nodes (35.5%), 105 active communities
Capacity assignment: 310000/860176 nodes (36.0%), 105 active communities
Capacity assignment: 315000/860176 nodes (36.6%), 105 active communities
Capacity assignment: 320000/860176 nodes (37.2%), 105 active communities
Capacity assignment: 325000/860176 nodes (37.8%), 105 active communities
Capacity assignment: 330000/860176 nodes (38.4%), 105 active communities
Capacity assignment: 335000/860176 nodes (38.9%), 105 active communities
Capacity assignment: 340000/860176 nodes (39.5%), 105 active communities
Capacity assignment: 345000/860176 nodes (40.1%), 107 active communities
Capacity assignment: 350000/860176 nodes (40.7%), 107 active communities
Capacity assignment: 355000/860176 nodes (41.3%), 108 active communities
Capacity assignment: 360000/860176 nodes (41.9%), 108 active communities
Capacity assignment: 365000/860176 nodes (42.4%), 108 active communities
Capacity assignment: 370000/860176 nodes (43.0%), 108 active communities
Capacity assignment: 375000/860176 nodes (43.6%), 108 active communities
Capacity assignment: 380000/860176 nodes (44.2%), 108 active communities
Capacity assignment: 385000/860176 nodes (44.8%), 108 active communities
Capacity assignment: 390000/860176 nodes (45.3%), 108 active communities
Capacity assignment: 395000/860176 nodes (45.9%), 108 active communities
Capacity assignment: 400000/860176 nodes (46.5%), 110 active communities
Capacity assignment: 405000/860176 nodes (47.1%), 110 active communities
Capacity assignment: 410000/860176 nodes (47.7%), 110 active communities
Capacity assignment: 415000/860176 nodes (48.2%), 110 active communities
Capacity assignment: 420000/860176 nodes (48.8%), 111 active communities
Capacity assignment: 425000/860176 nodes (49.4%), 111 active communities
Capacity assignment: 430000/860176 nodes (50.0%), 111 active communities
Capacity assignment: 435000/860176 nodes (50.6%), 111 active communities
Capacity assignment: 440000/860176 nodes (51.2%), 111 active communities
Capacity assignment: 445000/860176 nodes (51.7%), 111 active communities
Capacity assignment: 450000/860176 nodes (52.3%), 111 active communities
Capacity assignment: 455000/860176 nodes (52.9%), 111 active communities
Capacity assignment: 460000/860176 nodes (53.5%), 111 active communities
Capacity assignment: 465000/860176 nodes (54.1%), 111 active communities
Capacity assignment: 470000/860176 nodes (54.6%), 111 active communities
Capacity assignment: 475000/860176 nodes (55.2%), 111 active communities
Capacity assignment: 480000/860176 nodes (55.8%), 112 active communities
Capacity assignment: 485000/860176 nodes (56.4%), 112 active communities
Capacity assignment: 490000/860176 nodes (57.0%), 112 active communities
Capacity assignment: 495000/860176 nodes (57.5%), 112 active communities
Capacity assignment: 500000/860176 nodes (58.1%), 112 active communities
Capacity assignment: 505000/860176 nodes (58.7%), 112 active communities
Capacity assignment: 510000/860176 nodes (59.3%), 112 active communities
Capacity assignment: 515000/860176 nodes (59.9%), 112 active communities
Capacity assignment: 520000/860176 nodes (60.5%), 112 active communities
Capacity assignment: 525000/860176 nodes (61.0%), 112 active communities
Capacity assignment: 530000/860176 nodes (61.6%), 112 active communities
Capacity assignment: 535000/860176 nodes (62.2%), 113 active communities
Capacity assignment: 540000/860176 nodes (62.8%), 114 active communities
Capacity assignment: 545000/860176 nodes (63.4%), 114 active communities
Capacity assignment: 550000/860176 nodes (63.9%), 114 active communities
Capacity assignment: 555000/860176 nodes (64.5%), 114 active communities
Capacity assignment: 560000/860176 nodes (65.1%), 114 active communities
Capacity assignment: 565000/860176 nodes (65.7%), 114 active communities
Capacity assignment: 570000/860176 nodes (66.3%), 114 active communities
Capacity assignment: 575000/860176 nodes (66.8%), 114 active communities
Capacity assignment: 580000/860176 nodes (67.4%), 114 active communities
Capacity assignment: 585000/860176 nodes (68.0%), 114 active communities
Capacity assignment: 590000/860176 nodes (68.6%), 114 active communities
Capacity assignment: 595000/860176 nodes (69.2%), 114 active communities
Capacity assignment: 600000/860176 nodes (69.8%), 114 active communities
Capacity assignment: 605000/860176 nodes (70.3%), 114 active communities
Capacity assignment: 610000/860176 nodes (70.9%), 114 active communities
Capacity assignment: 615000/860176 nodes (71.5%), 114 active communities
Capacity assignment: 620000/860176 nodes (72.1%), 114 active communities
Capacity assignment: 625000/860176 nodes (72.7%), 114 active communities
Capacity assignment: 630000/860176 nodes (73.2%), 114 active communities
Capacity assignment: 635000/860176 nodes (73.8%), 114 active communities
Capacity assignment: 640000/860176 nodes (74.4%), 114 active communities
Capacity assignment: 645000/860176 nodes (75.0%), 114 active communities
Capacity assignment: 650000/860176 nodes (75.6%), 114 active communities
Capacity assignment: 655000/860176 nodes (76.1%), 114 active communities
Capacity assignment: 660000/860176 nodes (76.7%), 114 active communities
Capacity assignment: 665000/860176 nodes (77.3%), 114 active communities
Capacity assignment: 670000/860176 nodes (77.9%), 114 active communities
Capacity assignment: 675000/860176 nodes (78.5%), 114 active communities
Capacity assignment: 680000/860176 nodes (79.1%), 114 active communities
Capacity assignment: 685000/860176 nodes (79.6%), 114 active communities
Capacity assignment: 690000/860176 nodes (80.2%), 114 active communities
Capacity assignment: 695000/860176 nodes (80.8%), 114 active communities
Capacity assignment: 700000/860176 nodes (81.4%), 114 active communities
Capacity assignment: 705000/860176 nodes (82.0%), 114 active communities
Capacity assignment: 710000/860176 nodes (82.5%), 114 active communities
Capacity assignment: 715000/860176 nodes (83.1%), 114 active communities
Capacity assignment: 720000/860176 nodes (83.7%), 114 active communities
Capacity assignment: 725000/860176 nodes (84.3%), 114 active communities
Capacity assignment: 730000/860176 nodes (84.9%), 114 active communities
Capacity assignment: 735000/860176 nodes (85.4%), 114 active communities
Capacity assignment: 740000/860176 nodes (86.0%), 114 active communities
Capacity assignment: 745000/860176 nodes (86.6%), 114 active communities
Capacity assignment: 750000/860176 nodes (87.2%), 114 active communities
Capacity assignment: 755000/860176 nodes (87.8%), 114 active communities
Capacity assignment: 760000/860176 nodes (88.4%), 114 active communities
Capacity assignment: 765000/860176 nodes (88.9%), 114 active communities
Capacity assignment: 770000/860176 nodes (89.5%), 114 active communities
Capacity assignment: 775000/860176 nodes (90.1%), 114 active communities
Capacity assignment: 780000/860176 nodes (90.7%), 114 active communities
Capacity assignment: 785000/860176 nodes (91.3%), 114 active communities
Capacity assignment: 790000/860176 nodes (91.8%), 114 active communities
Capacity assignment: 795000/860176 nodes (92.4%), 114 active communities
Capacity assignment: 800000/860176 nodes (93.0%), 114 active communities
Capacity assignment: 805000/860176 nodes (93.6%), 114 active communities
Capacity assignment: 810000/860176 nodes (94.2%), 114 active communities
Capacity assignment: 815000/860176 nodes (94.7%), 114 active communities
Capacity assignment: 820000/860176 nodes (95.3%), 114 active communities
Capacity assignment: 825000/860176 nodes (95.9%), 114 active communities
Capacity assignment: 830000/860176 nodes (96.5%), 114 active communities
Capacity assignment: 835000/860176 nodes (97.1%), 114 active communities
Capacity assignment: 840000/860176 nodes (97.7%), 114 active communities
Capacity assignment: 845000/860176 nodes (98.2%), 114 active communities
Capacity assignment: 850000/860176 nodes (98.8%), 114 active communities
Capacity assignment: 855000/860176 nodes (99.4%), 115 active communities
Capacity assignment: 860000/860176 nodes (100.0%), 115 active communities
Capacity-based assignment complete: 860176 nodes -> 115 active communities
Processing pair 1 of 1194720
Processing pair 5000 of 1194720
Processing pair 10000 of 1194720
Processing pair 15000 of 1194720
Processing pair 20000 of 1194720
Processing pair 25000 of 1194720
Processing pair 30000 of 1194720
Processing pair 35000 of 1194720
Processing pair 40000 of 1194720
Processing pair 45000 of 1194720
Processing pair 50000 of 1194720
Processing pair 55000 of 1194720
Processing pair 60000 of 1194720
Processing pair 65000 of 1194720
Processing pair 70000 of 1194720
Processing pair 75000 of 1194720
Processing pair 80000 of 1194720
Processing pair 85000 of 1194720
Processing pair 90000 of 1194720
Processing pair 95000 of 1194720
Processing pair 100000 of 1194720
Processing pair 105000 of 1194720
Processing pair 110000 of 1194720
Processing pair 115000 of 1194720
Processing pair 120000 of 1194720
Processing pair 125000 of 1194720
Processing pair 130000 of 1194720
Processing pair 135000 of 1194720
Processing pair 140000 of 1194720
Processing pair 145000 of 1194720
Processing pair 150000 of 1194720
Processing pair 155000 of 1194720
Processing pair 160000 of 1194720
Processing pair 165000 of 1194720
Processing pair 170000 of 1194720
Processing pair 175000 of 1194720
Processing pair 180000 of 1194720
Processing pair 185000 of 1194720
Processing pair 190000 of 1194720
Processing pair 195000 of 1194720
Processing pair 200000 of 1194720
Processing pair 205000 of 1194720
Processing pair 210000 of 1194720
Processing pair 215000 of 1194720
Processing pair 220000 of 1194720
Processing pair 225000 of 1194720
Processing pair 230000 of 1194720
Processing pair 235000 of 1194720
Processing pair 240000 of 1194720
Processing pair 245000 of 1194720
Processing pair 250000 of 1194720
Processing pair 255000 of 1194720
Processing pair 260000 of 1194720
Processing pair 265000 of 1194720
Processing pair 270000 of 1194720
Processing pair 275000 of 1194720
Processing pair 280000 of 1194720
Processing pair 285000 of 1194720
Processing pair 290000 of 1194720
Processing pair 295000 of 1194720
Processing pair 300000 of 1194720
Processing pair 305000 of 1194720
Processing pair 310000 of 1194720
Processing pair 315000 of 1194720
Processing pair 320000 of 1194720
Processing pair 325000 of 1194720
Processing pair 330000 of 1194720
Processing pair 335000 of 1194720
Processing pair 340000 of 1194720
Processing pair 345000 of 1194720
Processing pair 350000 of 1194720
Processing pair 355000 of 1194720
Processing pair 360000 of 1194720
Processing pair 365000 of 1194720
Processing pair 370000 of 1194720
Processing pair 375000 of 1194720
Processing pair 380000 of 1194720
Processing pair 385000 of 1194720
Processing pair 390000 of 1194720
Processing pair 395000 of 1194720
Processing pair 400000 of 1194720
Processing pair 405000 of 1194720
Processing pair 410000 of 1194720
Processing pair 415000 of 1194720
Processing pair 420000 of 1194720
Processing pair 425000 of 1194720
Processing pair 430000 of 1194720
Processing pair 435000 of 1194720
Processing pair 440000 of 1194720
Processing pair 445000 of 1194720
Processing pair 450000 of 1194720
Processing pair 455000 of 1194720
Processing pair 460000 of 1194720
Processing pair 465000 of 1194720
Processing pair 470000 of 1194720
Processing pair 475000 of 1194720
Processing pair 480000 of 1194720
Processing pair 485000 of 1194720
Processing pair 490000 of 1194720
Processing pair 495000 of 1194720
Processing pair 500000 of 1194720
Processing pair 505000 of 1194720
Processing pair 510000 of 1194720
Processing pair 515000 of 1194720
Processing pair 520000 of 1194720
Processing pair 525000 of 1194720
Processing pair 530000 of 1194720
Processing pair 535000 of 1194720
Processing pair 540000 of 1194720
Processing pair 545000 of 1194720
Processing pair 550000 of 1194720
Processing pair 555000 of 1194720
Processing pair 560000 of 1194720
Processing pair 565000 of 1194720
Processing pair 570000 of 1194720
Processing pair 575000 of 1194720
Processing pair 580000 of 1194720
Processing pair 585000 of 1194720
Processing pair 590000 of 1194720
Processing pair 595000 of 1194720
Processing pair 600000 of 1194720
Processing pair 605000 of 1194720
Processing pair 610000 of 1194720
Processing pair 615000 of 1194720
Processing pair 620000 of 1194720
Processing pair 625000 of 1194720
Processing pair 630000 of 1194720
Processing pair 635000 of 1194720
Processing pair 640000 of 1194720
Processing pair 645000 of 1194720
Processing pair 650000 of 1194720
Processing pair 655000 of 1194720
Processing pair 660000 of 1194720
Processing pair 665000 of 1194720
Processing pair 670000 of 1194720
Processing pair 675000 of 1194720
Processing pair 680000 of 1194720
Processing pair 685000 of 1194720
Processing pair 690000 of 1194720
Processing pair 695000 of 1194720
Processing pair 700000 of 1194720
Processing pair 705000 of 1194720
Processing pair 710000 of 1194720
Processing pair 715000 of 1194720
Processing pair 720000 of 1194720
Processing pair 725000 of 1194720
Processing pair 730000 of 1194720
Processing pair 735000 of 1194720
Processing pair 740000 of 1194720
Processing pair 745000 of 1194720
Processing pair 750000 of 1194720
Processing pair 755000 of 1194720
Processing pair 760000 of 1194720
Processing pair 765000 of 1194720
Processing pair 770000 of 1194720
Processing pair 775000 of 1194720
Processing pair 780000 of 1194720
Processing pair 785000 of 1194720
Processing pair 790000 of 1194720
Processing pair 795000 of 1194720
Processing pair 800000 of 1194720
Processing pair 805000 of 1194720
Processing pair 810000 of 1194720
Processing pair 815000 of 1194720
Processing pair 820000 of 1194720
Processing pair 825000 of 1194720
Processing pair 830000 of 1194720
Processing pair 835000 of 1194720
Processing pair 840000 of 1194720
Processing pair 845000 of 1194720
Processing pair 850000 of 1194720
Processing pair 855000 of 1194720
Processing pair 860000 of 1194720
Processing pair 865000 of 1194720
Processing pair 870000 of 1194720
Processing pair 875000 of 1194720
Processing pair 880000 of 1194720
Processing pair 885000 of 1194720
Processing pair 890000 of 1194720
Processing pair 895000 of 1194720
Processing pair 900000 of 1194720
Processing pair 905000 of 1194720
Processing pair 910000 of 1194720
Processing pair 915000 of 1194720
Processing pair 920000 of 1194720
Processing pair 925000 of 1194720
Processing pair 930000 of 1194720
Processing pair 935000 of 1194720
Processing pair 940000 of 1194720
Processing pair 945000 of 1194720
Processing pair 950000 of 1194720
Processing pair 955000 of 1194720
Processing pair 960000 of 1194720
Processing pair 965000 of 1194720
Processing pair 970000 of 1194720
Processing pair 975000 of 1194720
Processing pair 980000 of 1194720
Processing pair 985000 of 1194720
Processing pair 990000 of 1194720
Processing pair 995000 of 1194720
Processing pair 1000000 of 1194720
Processing pair 1005000 of 1194720
Processing pair 1010000 of 1194720
Processing pair 1015000 of 1194720
Processing pair 1020000 of 1194720
Processing pair 1025000 of 1194720
Processing pair 1030000 of 1194720
Processing pair 1035000 of 1194720
Processing pair 1040000 of 1194720
Processing pair 1045000 of 1194720
Processing pair 1050000 of 1194720
Processing pair 1055000 of 1194720
Processing pair 1060000 of 1194720
Processing pair 1065000 of 1194720
Processing pair 1070000 of 1194720
Processing pair 1075000 of 1194720
Processing pair 1080000 of 1194720
Processing pair 1085000 of 1194720
Processing pair 1090000 of 1194720
Processing pair 1095000 of 1194720
Processing pair 1100000 of 1194720
Processing pair 1105000 of 1194720
Processing pair 1110000 of 1194720
Processing pair 1115000 of 1194720
Processing pair 1120000 of 1194720
Processing pair 1125000 of 1194720
Processing pair 1130000 of 1194720
Processing pair 1135000 of 1194720
Processing pair 1140000 of 1194720
Processing pair 1145000 of 1194720
Processing pair 1150000 of 1194720
Processing pair 1155000 of 1194720
Processing pair 1160000 of 1194720
Processing pair 1165000 of 1194720
Processing pair 1170000 of 1194720
Processing pair 1175000 of 1194720
Processing pair 1180000 of 1194720
Processing pair 1185000 of 1194720
Processing pair 1190000 of 1194720
Processing pair 1194720 of 1194720
Task 1/99: pref_attachment=0.0000, n_communities=12
Found 11 enriched pairs to generate.

============================================================
PA=0.00  comms=12  [enriched/etngrp_geslacht]
============================================================
============================================================
COMMUNITY CREATION (mode=capacity)
============================================================
dict_keys([])
  Created 860188 nodes in 10 groups
21882770
Calculating link requirements...
Total requested links: 21882770 (target: 21882770)

Assigning nodes (penalty=3.0, initial communities=12)...
  Pre-seeded 12 communities from least-interacting groups; 860176 nodes remaining for SA
Using Rust backend for capacity-based node processing...

Capacity-based community assignment complete: 860188 nodes -> 12 communities

Community size statistics (12 communities):
  Largest:  72597
  Smallest: 71253
  Mean:     71682.3
  Median:   71678.0
  Std:      305.1
  Q1/Q3:    71540.0 / 71693.2

Community assignments saved to /tmp/tmp8mc6lozl.json
============================================================

============================================================
NETWORK GENERATION
============================================================

Step 1: Creating nodes from population data...
dict_keys([])
  Created 860188 nodes

Step 2: Creating edges from interaction patterns...
21882770
Calculating link requirements...
Total requested links: 21882770 (target: 21882770)

Step 2a: Loading communities from file...
  Loaded 12 communities from /tmp/tmp8mc6lozl.json

Step 2b: Creating edges using community structure...
Using Rust backend for edge creation...
Building community lookup for group pairs...
  Found 100 group pairs
  Average communities per pair: 12.0

  Created 21882770 edges

Step 3: Filling remaining unfulfilled group pairs...

Filling unfulfilled group pairs...
  Total pairs: 100
  Fulfilled: 100
  Unfulfilled: 0
  Edges added: 0
  Reciprocal edges added: 0

============================================================
NETWORK GENERATION COMPLETE
============================================================
Nodes: 860188
Edges: 21882770

Link Fulfillment:
  Requested: 21882770
  Created: 21882770
  Difference: +0
  Rate: 100.0%

Saved to: my_networks/scale=1_comms=12_recip=1_trans=0_pa=0.00_bridge=0.2/enriched/etngrp_geslacht
============================================================

Generation time: 110.94s
Nodes: 860188, Edges: 21882770
Reciprocity:   0.9967
Transitivity:  0.0008
Modularity:    None
Degree — mean: 25.44, std: 15.17, median: 20.0, min: 2, max: 95, Q1: 17.0, Q3: 25.0, skew: 1.7123
Stats saved to Data/networks/enriched/scale=1_comms=12_recip=1_trans=0_pa=0.00_bridge=0.2/etngrp_geslacht_stats.json

============================================================
PA=0.00  comms=12  [enriched/etngrp_geslacht_lft_arbeidsstatus_uitkeringstype_burgerlijke_staat]
============================================================
============================================================
COMMUNITY CREATION (mode=capacity)
============================================================
dict_keys([])
  Created 860188 nodes in 1885 groups
21882770
Calculating link requirements...
Total requested links: 21882770 (target: 21882770)

Assigning nodes (penalty=3.0, initial communities=12)...
  Pre-seeded 12 communities from least-interacting groups; 860176 nodes remaining for SA
Using Rust backend for capacity-based node processing...

Capacity-based community assignment complete: 860188 nodes -> 115 communities

Community size statistics (115 communities):
  Largest:  9174
  Smallest: 6705
  Mean:     7479.9
  Median:   7483.0
  Std:      287.9
  Q1/Q3:    7332.5 / 7625.0

Community assignments saved to /tmp/tmptkm8gvwa.json
============================================================

============================================================
NETWORK GENERATION
============================================================

Step 1: Creating nodes from population data...
dict_keys([])
  Created 860188 nodes

Step 2: Creating edges from interaction patterns...
21882770
Calculating link requirements...
Total requested links: 21882770 (target: 21882770)

Step 2a: Loading communities from file...
  Loaded 115 communities from /tmp/tmptkm8gvwa.json

Step 2b: Creating edges using community structure...
Using Rust backend for edge creation...
Building community lookup for group pairs...
  Found 1194601 group pairs
  Average communities per pair: 74.4

  Created 21882643 edges

Step 3: Filling remaining unfulfilled group pairs...

Filling unfulfilled group pairs...
  Total pairs: 1194720
  Fulfilled: 1194597
  Unfulfilled: 123
Capacity assignment: 5000/860176 nodes (0.6%), 12 active communities
Capacity assignment: 10000/860176 nodes (1.2%), 12 active communities
Capacity assignment: 15000/860176 nodes (1.7%), 12 active communities
Capacity assignment: 20000/860176 nodes (2.3%), 12 active communities
Capacity assignment: 25000/860176 nodes (2.9%), 13 active communities
Capacity assignment: 30000/860176 nodes (3.5%), 13 active communities
Capacity assignment: 35000/860176 nodes (4.1%), 13 active communities
Capacity assignment: 40000/860176 nodes (4.7%), 13 active communities
Capacity assignment: 45000/860176 nodes (5.2%), 13 active communities
Capacity assignment: 50000/860176 nodes (5.8%), 13 active communities
Capacity assignment: 55000/860176 nodes (6.4%), 13 active communities
Capacity assignment: 60000/860176 nodes (7.0%), 13 active communities
Capacity assignment: 65000/860176 nodes (7.6%), 13 active communities
Capacity assignment: 70000/860176 nodes (8.1%), 13 active communities
Capacity assignment: 75000/860176 nodes (8.7%), 13 active communities
Capacity assignment: 80000/860176 nodes (9.3%), 13 active communities
Capacity assignment: 85000/860176 nodes (9.9%), 13 active communities
Capacity assignment: 90000/860176 nodes (10.5%), 13 active communities
Capacity assignment: 95000/860176 nodes (11.0%), 13 active communities
Capacity assignment: 100000/860176 nodes (11.6%), 13 active communities
Capacity assignment: 105000/860176 nodes (12.2%), 13 active communities
Capacity assignment: 110000/860176 nodes (12.8%), 13 active communities
Capacity assignment: 115000/860176 nodes (13.4%), 13 active communities
Capacity assignment: 120000/860176 nodes (14.0%), 13 active communities
Capacity assignment: 125000/860176 nodes (14.5%), 13 active communities
Capacity assignment: 130000/860176 nodes (15.1%), 13 active communities
Capacity assignment: 135000/860176 nodes (15.7%), 13 active communities
Capacity assignment: 140000/860176 nodes (16.3%), 13 active communities
Capacity assignment: 145000/860176 nodes (16.9%), 13 active communities
Capacity assignment: 150000/860176 nodes (17.4%), 13 active communities
Capacity assignment: 155000/860176 nodes (18.0%), 13 active communities
Capacity assignment: 160000/860176 nodes (18.6%), 13 active communities
Capacity assignment: 165000/860176 nodes (19.2%), 13 active communities
Capacity assignment: 170000/860176 nodes (19.8%), 13 active communities
Capacity assignment: 175000/860176 nodes (20.3%), 13 active communities
Capacity assignment: 180000/860176 nodes (20.9%), 13 active communities
Capacity assignment: 185000/860176 nodes (21.5%), 13 active communities
Capacity assignment: 190000/860176 nodes (22.1%), 13 active communities
Capacity assignment: 195000/860176 nodes (22.7%), 13 active communities
Capacity assignment: 200000/860176 nodes (23.3%), 13 active communities
Capacity assignment: 205000/860176 nodes (23.8%), 13 active communities
Capacity assignment: 210000/860176 nodes (24.4%), 13 active communities
Capacity assignment: 215000/860176 nodes (25.0%), 13 active communities
Capacity assignment: 220000/860176 nodes (25.6%), 13 active communities
Capacity assignment: 225000/860176 nodes (26.2%), 13 active communities
Capacity assignment: 230000/860176 nodes (26.7%), 13 active communities
Capacity assignment: 235000/860176 nodes (27.3%), 13 active communities
Capacity assignment: 240000/860176 nodes (27.9%), 13 active communities
Capacity assignment: 245000/860176 nodes (28.5%), 13 active communities
Capacity assignment: 250000/860176 nodes (29.1%), 13 active communities
Capacity assignment: 255000/860176 nodes (29.6%), 13 active communities
Capacity assignment: 260000/860176 nodes (30.2%), 13 active communities
Capacity assignment: 265000/860176 nodes (30.8%), 13 active communities
Capacity assignment: 270000/860176 nodes (31.4%), 13 active communities
Capacity assignment: 275000/860176 nodes (32.0%), 13 active communities
Capacity assignment: 280000/860176 nodes (32.6%), 13 active communities
Capacity assignment: 285000/860176 nodes (33.1%), 13 active communities
Capacity assignment: 290000/860176 nodes (33.7%), 13 active communities
Capacity assignment: 295000/860176 nodes (34.3%), 13 active communities
Capacity assignment: 300000/860176 nodes (34.9%), 13 active communities
Capacity assignment: 305000/860176 nodes (35.5%), 13 active communities
Capacity assignment: 310000/860176 nodes (36.0%), 13 active communities
Capacity assignment: 315000/860176 nodes (36.6%), 13 active communities
Capacity assignment: 320000/860176 nodes (37.2%), 13 active communities
Capacity assignment: 325000/860176 nodes (37.8%), 13 active communities
Capacity assignment: 330000/860176 nodes (38.4%), 13 active communities
Capacity assignment: 335000/860176 nodes (38.9%), 13 active communities
Capacity assignment: 340000/860176 nodes (39.5%), 13 active communities
Capacity assignment: 345000/860176 nodes (40.1%), 13 active communities
Capacity assignment: 350000/860176 nodes (40.7%), 13 active communities
Capacity assignment: 355000/860176 nodes (41.3%), 13 active communities
Capacity assignment: 360000/860176 nodes (41.9%), 13 active communities
Capacity assignment: 365000/860176 nodes (42.4%), 13 active communities
Capacity assignment: 370000/860176 nodes (43.0%), 13 active communities
Capacity assignment: 375000/860176 nodes (43.6%), 13 active communities
Capacity assignment: 380000/860176 nodes (44.2%), 13 active communities
Capacity assignment: 385000/860176 nodes (44.8%), 13 active communities
Capacity assignment: 390000/860176 nodes (45.3%), 13 active communities
Capacity assignment: 395000/860176 nodes (45.9%), 13 active communities
Capacity assignment: 400000/860176 nodes (46.5%), 13 active communities
Capacity assignment: 405000/860176 nodes (47.1%), 13 active communities
Capacity assignment: 410000/860176 nodes (47.7%), 13 active communities
Capacity assignment: 415000/860176 nodes (48.2%), 13 active communities
Capacity assignment: 420000/860176 nodes (48.8%), 13 active communities
Capacity assignment: 425000/860176 nodes (49.4%), 13 active communities
Capacity assignment: 430000/860176 nodes (50.0%), 13 active communities
Capacity assignment: 435000/860176 nodes (50.6%), 13 active communities
Capacity assignment: 440000/860176 nodes (51.2%), 14 active communities
Capacity assignment: 445000/860176 nodes (51.7%), 14 active communities
Capacity assignment: 450000/860176 nodes (52.3%), 14 active communities
Capacity assignment: 455000/860176 nodes (52.9%), 14 active communities
Capacity assignment: 460000/860176 nodes (53.5%), 14 active communities
Capacity assignment: 465000/860176 nodes (54.1%), 14 active communities
Capacity assignment: 470000/860176 nodes (54.6%), 14 active communities
Capacity assignment: 475000/860176 nodes (55.2%), 14 active communities
Capacity assignment: 480000/860176 nodes (55.8%), 14 active communities
Capacity assignment: 485000/860176 nodes (56.4%), 14 active communities
Capacity assignment: 490000/860176 nodes (57.0%), 14 active communities
Capacity assignment: 495000/860176 nodes (57.5%), 14 active communities
Capacity assignment: 500000/860176 nodes (58.1%), 14 active communities
Capacity assignment: 505000/860176 nodes (58.7%), 14 active communities
Capacity assignment: 510000/860176 nodes (59.3%), 14 active communities
Capacity assignment: 515000/860176 nodes (59.9%), 14 active communities
Capacity assignment: 520000/860176 nodes (60.5%), 14 active communities
Capacity assignment: 525000/860176 nodes (61.0%), 14 active communities
Capacity assignment: 530000/860176 nodes (61.6%), 14 active communities
Capacity assignment: 535000/860176 nodes (62.2%), 14 active communities
Capacity assignment: 540000/860176 nodes (62.8%), 14 active communities
Capacity assignment: 545000/860176 nodes (63.4%), 14 active communities
Capacity assignment: 550000/860176 nodes (63.9%), 14 active communities
Capacity assignment: 555000/860176 nodes (64.5%), 14 active communities
Capacity assignment: 560000/860176 nodes (65.1%), 14 active communities
Capacity assignment: 565000/860176 nodes (65.7%), 14 active communities
Capacity assignment: 570000/860176 nodes (66.3%), 14 active communities
Capacity assignment: 575000/860176 nodes (66.8%), 14 active communities
Capacity assignment: 580000/860176 nodes (67.4%), 14 active communities
Capacity assignment: 585000/860176 nodes (68.0%), 14 active communities
Capacity assignment: 590000/860176 nodes (68.6%), 14 active communities
Capacity assignment: 595000/860176 nodes (69.2%), 14 active communities
Capacity assignment: 600000/860176 nodes (69.8%), 14 active communities
Capacity assignment: 605000/860176 nodes (70.3%), 14 active communities
Capacity assignment: 610000/860176 nodes (70.9%), 14 active communities
Capacity assignment: 615000/860176 nodes (71.5%), 14 active communities
Capacity assignment: 620000/860176 nodes (72.1%), 14 active communities
Capacity assignment: 625000/860176 nodes (72.7%), 14 active communities
Capacity assignment: 630000/860176 nodes (73.2%), 14 active communities
Capacity assignment: 635000/860176 nodes (73.8%), 14 active communities
Capacity assignment: 640000/860176 nodes (74.4%), 14 active communities
Capacity assignment: 645000/860176 nodes (75.0%), 14 active communities
Capacity assignment: 650000/860176 nodes (75.6%), 14 active communities
Capacity assignment: 655000/860176 nodes (76.1%), 14 active communities
Capacity assignment: 660000/860176 nodes (76.7%), 14 active communities
Capacity assignment: 665000/860176 nodes (77.3%), 14 active communities
Capacity assignment: 670000/860176 nodes (77.9%), 14 active communities
Capacity assignment: 675000/860176 nodes (78.5%), 14 active communities
Capacity assignment: 680000/860176 nodes (79.1%), 14 active communities
Capacity assignment: 685000/860176 nodes (79.6%), 14 active communities
Capacity assignment: 690000/860176 nodes (80.2%), 14 active communities
Capacity assignment: 695000/860176 nodes (80.8%), 14 active communities
Capacity assignment: 700000/860176 nodes (81.4%), 14 active communities
Capacity assignment: 705000/860176 nodes (82.0%), 14 active communities
Capacity assignment: 710000/860176 nodes (82.5%), 14 active communities
Capacity assignment: 715000/860176 nodes (83.1%), 14 active communities
Capacity assignment: 720000/860176 nodes (83.7%), 14 active communities
Capacity assignment: 725000/860176 nodes (84.3%), 14 active communities
Capacity assignment: 730000/860176 nodes (84.9%), 14 active communities
Capacity assignment: 735000/860176 nodes (85.4%), 14 active communities
Capacity assignment: 740000/860176 nodes (86.0%), 14 active communities
Capacity assignment: 745000/860176 nodes (86.6%), 14 active communities
Capacity assignment: 750000/860176 nodes (87.2%), 14 active communities
Capacity assignment: 755000/860176 nodes (87.8%), 14 active communities
Capacity assignment: 760000/860176 nodes (88.4%), 14 active communities
Capacity assignment: 765000/860176 nodes (88.9%), 14 active communities
Capacity assignment: 770000/860176 nodes (89.5%), 14 active communities
Capacity assignment: 775000/860176 nodes (90.1%), 14 active communities
Capacity assignment: 780000/860176 nodes (90.7%), 14 active communities
Capacity assignment: 785000/860176 nodes (91.3%), 14 active communities
Capacity assignment: 790000/860176 nodes (91.8%), 14 active communities
Capacity assignment: 795000/860176 nodes (92.4%), 14 active communities
Capacity assignment: 800000/860176 nodes (93.0%), 14 active communities
Capacity assignment: 805000/860176 nodes (93.6%), 14 active communities
Capacity assignment: 810000/860176 nodes (94.2%), 14 active communities
Capacity assignment: 815000/860176 nodes (94.7%), 14 active communities
Capacity assignment: 820000/860176 nodes (95.3%), 14 active communities
Capacity assignment: 825000/860176 nodes (95.9%), 14 active communities
Capacity assignment: 830000/860176 nodes (96.5%), 14 active communities
Capacity assignment: 835000/860176 nodes (97.1%), 14 active communities
Capacity assignment: 840000/860176 nodes (97.7%), 14 active communities
Capacity assignment: 845000/860176 nodes (98.2%), 14 active communities
Capacity assignment: 850000/860176 nodes (98.8%), 14 active communities
Capacity assignment: 855000/860176 nodes (99.4%), 14 active communities
Capacity assignment: 860000/860176 nodes (100.0%), 14 active communities
Capacity-based assignment complete: 860176 nodes -> 14 active communities
Processing pair 1 of 29799
Processing pair 5000 of 29799
Processing pair 10000 of 29799
Processing pair 15000 of 29799
Processing pair 20000 of 29799
Processing pair 25000 of 29799
Processing pair 29799 of 29799
Capacity assignment: 5000/86006 nodes (5.8%), 14 active communities
Capacity assignment: 10000/86006 nodes (11.6%), 19 active communities
Capacity assignment: 15000/86006 nodes (17.4%), 28 active communities
Capacity assignment: 20000/86006 nodes (23.3%), 35 active communities
Capacity assignment: 25000/86006 nodes (29.1%), 39 active communities
Capacity assignment: 30000/86006 nodes (34.9%), 42 active communities
Capacity assignment: 35000/86006 nodes (40.7%), 45 active communities
Capacity assignment: 40000/86006 nodes (46.5%), 46 active communities
Capacity assignment: 45000/86006 nodes (52.3%), 49 active communities
Capacity assignment: 50000/86006 nodes (58.1%), 52 active communities
Capacity assignment: 55000/86006 nodes (63.9%), 55 active communities
Capacity assignment: 60000/86006 nodes (69.8%), 59 active communities
Capacity assignment: 65000/86006 nodes (75.6%), 60 active communities
Capacity assignment: 70000/86006 nodes (81.4%), 60 active communities
Capacity assignment: 75000/86006 nodes (87.2%), 61 active communities
Capacity assignment: 80000/86006 nodes (93.0%), 61 active communities
Capacity assignment: 85000/86006 nodes (98.8%), 61 active communities
Capacity-based assignment complete: 86006 nodes -> 62 active communities
Processing pair 1 of 236710
Processing pair 5000 of 236710
Processing pair 10000 of 236710
Processing pair 15000 of 236710
Processing pair 20000 of 236710
Processing pair 25000 of 236710
Processing pair 30000 of 236710
Processing pair 35000 of 236710
Processing pair 40000 of 236710
Processing pair 45000 of 236710
Processing pair 50000 of 236710
Processing pair 55000 of 236710
Processing pair 60000 of 236710
Processing pair 65000 of 236710
Processing pair 70000 of 236710
Processing pair 75000 of 236710
Processing pair 80000 of 236710
Processing pair 85000 of 236710
Processing pair 90000 of 236710
Processing pair 95000 of 236710
Processing pair 100000 of 236710
Processing pair 105000 of 236710
Processing pair 110000 of 236710
Processing pair 115000 of 236710
Processing pair 120000 of 236710
Processing pair 125000 of 236710
Processing pair 130000 of 236710
Processing pair 135000 of 236710
Processing pair 140000 of 236710
Processing pair 145000 of 236710
Processing pair 150000 of 236710
Processing pair 155000 of 236710
Processing pair 160000 of 236710
Processing pair 165000 of 236710
Processing pair 170000 of 236710
Processing pair 175000 of 236710
Processing pair 180000 of 236710
Processing pair 185000 of 236710
Processing pair 190000 of 236710
Processing pair 195000 of 236710
Processing pair 200000 of 236710
Processing pair 205000 of 236710
Processing pair 210000 of 236710
Processing pair 215000 of 236710
Processing pair 220000 of 236710
Processing pair 225000 of 236710
Processing pair 230000 of 236710
Processing pair 235000 of 236710
Processing pair 236710 of 236710
  Edges added: 71
  Reciprocal edges added: 60

============================================================
NETWORK GENERATION COMPLETE
============================================================
Nodes: 860188
Edges: 21882770

Link Fulfillment:
  Requested: 21882770
  Created: 21882770
  Difference: +0
  Rate: 100.0%

Saved to: my_networks/scale=1_comms=12_recip=1_trans=0_pa=0.00_bridge=0.2/enriched/etngrp_geslacht_lft_arbeidsstatus_uitkeringstype_burgerlijke_staat
============================================================

Generation time: 974.43s
Nodes: 860188, Edges: 21882770
Reciprocity:   0.9773
Transitivity:  0.2891
Modularity:    None
Degree — mean: 25.44, std: 35.84, median: 19.0, min: 0, max: 556, Q1: 15.0, Q3: 24.0, skew: 5.6219
Stats saved to Data/networks/enriched/scale=1_comms=12_recip=1_trans=0_pa=0.00_bridge=0.2/etngrp_geslacht_lft_arbeidsstatus_uitkeringstype_burgerlijke_staat_stats.json

============================================================
PA=0.00  comms=12  [enriched/etngrp_geslacht_lft_oplniv]
============================================================
============================================================
COMMUNITY CREATION (mode=capacity)
============================================================
dict_keys([])
  Created 860188 nodes in 217 groups
21882770
Calculating link requirements...
Total requested links: 21882770 (target: 21882770)

Assigning nodes (penalty=3.0, initial communities=12)...
  Pre-seeded 12 communities from least-interacting groups; 860176 nodes remaining for SA
Using Rust backend for capacity-based node processing...

Capacity-based community assignment complete: 860188 nodes -> 14 communities

Community size statistics (14 communities):
  Largest:  62206
  Smallest: 60396
  Mean:     61442.0
  Median:   61475.0
  Std:      495.1
  Q1/Q3:    61065.2 / 61828.8

Community assignments saved to /tmp/tmp29qhtx6l.json
============================================================

============================================================
NETWORK GENERATION
============================================================

Step 1: Creating nodes from population data...
dict_keys([])
  Created 860188 nodes

Step 2: Creating edges from interaction patterns...
21882770
Calculating link requirements...
Total requested links: 21882770 (target: 21882770)

Step 2a: Loading communities from file...
  Loaded 14 communities from /tmp/tmp29qhtx6l.json

Step 2b: Creating edges using community structure...
Using Rust backend for edge creation...
Building community lookup for group pairs...
  Found 29799 group pairs
  Average communities per pair: 14.0

  Created 21882770 edges

Step 3: Filling remaining unfulfilled group pairs...

Filling unfulfilled group pairs...
  Total pairs: 29799
  Fulfilled: 29799
  Unfulfilled: 0
  Edges added: 0
  Reciprocal edges added: 0

============================================================
NETWORK GENERATION COMPLETE
============================================================
Nodes: 860188
Edges: 21882770

Link Fulfillment:
  Requested: 21882770
  Created: 21882770
  Difference: +0
  Rate: 100.0%

Saved to: my_networks/scale=1_comms=12_recip=1_trans=0_pa=0.00_bridge=0.2/enriched/etngrp_geslacht_lft_oplniv
============================================================

Generation time: 128.00s
Nodes: 860188, Edges: 21882770
Reciprocity:   0.9701
Transitivity:  0.1320
Modularity:    None
Degree — mean: 25.44, std: 44.89, median: 19.0, min: 0, max: 457, Q1: 15.0, Q3: 23.0, skew: 7.2442
Stats saved to Data/networks/enriched/scale=1_comms=12_recip=1_trans=0_pa=0.00_bridge=0.2/etngrp_geslacht_lft_oplniv_stats.json

============================================================
PA=0.00  comms=12  [enriched/etngrp_geslacht_lft_oplniv_burgerlijke_staat]
============================================================
============================================================
COMMUNITY CREATION (mode=capacity)
============================================================
dict_keys([])
  Created 86018 nodes in 838 groups
2188045
Calculating link requirements...
Total requested links: 2188045 (target: 2188045)

Assigning nodes (penalty=3.0, initial communities=12)...
  Pre-seeded 12 communities from least-interacting groups; 86006 nodes remaining for SA
Using Rust backend for capacity-based node processing...

Capacity-based community assignment complete: 86018 nodes -> 62 communities

Community size statistics (62 communities):
  Largest:  1713
  Smallest: 32
  Mean:     1387.4
  Median:   1385.0
  Std:      202.3
  Q1/Q3:    1326.2 / 1472.8

Community assignments saved to /tmp/tmp0jil24hp.json
============================================================

============================================================
NETWORK GENERATION
============================================================

Step 1: Creating nodes from population data...
dict_keys([])
  Created 86018 nodes

Step 2: Creating edges from interaction patterns...
2188045
Calculating link requirements...
Total requested links: 2188045 (target: 2188045)

Step 2a: Loading communities from file...
  Loaded 62 communities from /tmp/tmp0jil24hp.json

Step 2b: Creating edges using community structure...
Using Rust backend for edge creation...
Building community lookup for group pairs...
  Found 236531 group pairs
  Average communities per pair: 33.6

  Created 1902381 edges

Step 3: Filling remaining unfulfilled group pairs...

Filling unfulfilled group pairs...
  Total pairs: 236710
  Fulfilled: 236443
  Unfulfilled: 267
Capacity assignment: 5000/860176 nodes (0.6%), 13 active communities
Capacity assignment: 10000/860176 nodes (1.2%), 21 active communities
Capacity assignment: 15000/860176 nodes (1.7%), 31 active communities
Capacity assignment: 20000/860176 nodes (2.3%), 46 active communities
Capacity assignment: 25000/860176 nodes (2.9%), 60 active communities
Capacity assignment: 30000/860176 nodes (3.5%), 75 active communities
Capacity assignment: 35000/860176 nodes (4.1%), 91 active communities
Capacity assignment: 40000/860176 nodes (4.7%), 106 active communities
Capacity assignment: 45000/860176 nodes (5.2%), 118 active communities
Capacity assignment: 50000/860176 nodes (5.8%), 135 active communities
Capacity assignment: 55000/860176 nodes (6.4%), 149 active communities
Capacity assignment: 60000/860176 nodes (7.0%), 167 active communities
Capacity assignment: 65000/860176 nodes (7.6%), 180 active communities
Capacity assignment: 70000/860176 nodes (8.1%), 195 active communities
Capacity assignment: 75000/860176 nodes (8.7%), 209 active communities
Capacity assignment: 80000/860176 nodes (9.3%), 227 active communities
Capacity assignment: 85000/860176 nodes (9.9%), 244 active communities
Capacity assignment: 90000/860176 nodes (10.5%), 258 active communities
Capacity assignment: 95000/860176 nodes (11.0%), 273 active communities
Capacity assignment: 100000/860176 nodes (11.6%), 289 active communities
Capacity assignment: 105000/860176 nodes (12.2%), 299 active communities
Capacity assignment: 110000/860176 nodes (12.8%), 314 active communities
Capacity assignment: 115000/860176 nodes (13.4%), 328 active communities
Capacity assignment: 120000/860176 nodes (14.0%), 341 active communities
Capacity assignment: 125000/860176 nodes (14.5%), 355 active communities
Capacity assignment: 130000/860176 nodes (15.1%), 371 active communities
Capacity assignment: 135000/860176 nodes (15.7%), 386 active communities
Capacity assignment: 140000/860176 nodes (16.3%), 400 active communities
Capacity assignment: 145000/860176 nodes (16.9%), 415 active communities
Capacity assignment: 150000/860176 nodes (17.4%), 426 active communities
Capacity assignment: 155000/860176 nodes (18.0%), 439 active communities
Capacity assignment: 160000/860176 nodes (18.6%), 456 active communities
Capacity assignment: 165000/860176 nodes (19.2%), 469 active communities
Capacity assignment: 170000/860176 nodes (19.8%), 483 active communities
Capacity assignment: 175000/860176 nodes (20.3%), 498 active communities
Capacity assignment: 180000/860176 nodes (20.9%), 512 active communities
Capacity assignment: 185000/860176 nodes (21.5%), 526 active communities
Capacity assignment: 190000/860176 nodes (22.1%), 537 active communities
Capacity assignment: 195000/860176 nodes (22.7%), 553 active communities
Capacity assignment: 200000/860176 nodes (23.3%), 566 active communities
Capacity assignment: 205000/860176 nodes (23.8%), 581 active communities
Capacity assignment: 210000/860176 nodes (24.4%), 596 active communities
Capacity assignment: 215000/860176 nodes (25.0%), 609 active communities
Capacity assignment: 220000/860176 nodes (25.6%), 625 active communities
Capacity assignment: 225000/860176 nodes (26.2%), 638 active communities
Capacity assignment: 230000/860176 nodes (26.7%), 653 active communities
Capacity assignment: 235000/860176 nodes (27.3%), 664 active communities
Capacity assignment: 240000/860176 nodes (27.9%), 675 active communities
Capacity assignment: 245000/860176 nodes (28.5%), 689 active communities
Capacity assignment: 250000/860176 nodes (29.1%), 705 active communities
Capacity assignment: 255000/860176 nodes (29.6%), 719 active communities
Capacity assignment: 260000/860176 nodes (30.2%), 733 active communities
Capacity assignment: 265000/860176 nodes (30.8%), 746 active communities
Capacity assignment: 270000/860176 nodes (31.4%), 763 active communities
Capacity assignment: 275000/860176 nodes (32.0%), 774 active communities
Capacity assignment: 280000/860176 nodes (32.6%), 785 active communities
Capacity assignment: 285000/860176 nodes (33.1%), 799 active communities
Capacity assignment: 290000/860176 nodes (33.7%), 810 active communities
Capacity assignment: 295000/860176 nodes (34.3%), 823 active communities
Capacity assignment: 300000/860176 nodes (34.9%), 843 active communities
Capacity assignment: 305000/860176 nodes (35.5%), 851 active communities
Capacity assignment: 310000/860176 nodes (36.0%), 866 active communities
Capacity assignment: 315000/860176 nodes (36.6%), 876 active communities
Capacity assignment: 320000/860176 nodes (37.2%), 889 active communities
Capacity assignment: 325000/860176 nodes (37.8%), 905 active communities
Capacity assignment: 330000/860176 nodes (38.4%), 914 active communities
Capacity assignment: 335000/860176 nodes (38.9%), 929 active communities
Capacity assignment: 340000/860176 nodes (39.5%), 942 active communities
Capacity assignment: 345000/860176 nodes (40.1%), 957 active communities
Capacity assignment: 350000/860176 nodes (40.7%), 967 active communities
Capacity assignment: 355000/860176 nodes (41.3%), 982 active communities
Capacity assignment: 360000/860176 nodes (41.9%), 997 active communities
Capacity assignment: 365000/860176 nodes (42.4%), 1010 active communities
Capacity assignment: 370000/860176 nodes (43.0%), 1025 active communities
Capacity assignment: 375000/860176 nodes (43.6%), 1038 active communities
Capacity assignment: 380000/860176 nodes (44.2%), 1055 active communities
Capacity assignment: 385000/860176 nodes (44.8%), 1064 active communities
Capacity assignment: 390000/860176 nodes (45.3%), 1076 active communities
Capacity assignment: 395000/860176 nodes (45.9%), 1086 active communities
Capacity assignment: 400000/860176 nodes (46.5%), 1102 active communities
