Starting task 0 on dta170056.science.uva.nl at Thu Apr  2 10:08:54 AM CEST 2026
Processing pair 1 of 100
Processing pair 100 of 100
Processing pair 1 of 1194720
Processing pair 5000 of 1194720
Processing pair 10000 of 1194720
Processing pair 15000 of 1194720
Processing pair 20000 of 1194720
Processing pair 25000 of 1194720
Processing pair 30000 of 1194720
Processing pair 35000 of 1194720
Processing pair 40000 of 1194720
Processing pair 45000 of 1194720
Processing pair 50000 of 1194720
Processing pair 55000 of 1194720
Processing pair 60000 of 1194720
Processing pair 65000 of 1194720
Processing pair 70000 of 1194720
Processing pair 75000 of 1194720
Processing pair 80000 of 1194720
Processing pair 85000 of 1194720
Processing pair 90000 of 1194720
Processing pair 95000 of 1194720
Processing pair 100000 of 1194720
Processing pair 105000 of 1194720
Processing pair 110000 of 1194720
Processing pair 115000 of 1194720
Processing pair 120000 of 1194720
Processing pair 125000 of 1194720
Processing pair 130000 of 1194720
Processing pair 135000 of 1194720
Processing pair 140000 of 1194720
Processing pair 145000 of 1194720
Processing pair 150000 of 1194720
Processing pair 155000 of 1194720
Processing pair 160000 of 1194720
Processing pair 165000 of 1194720
Processing pair 170000 of 1194720
Processing pair 175000 of 1194720
Processing pair 180000 of 1194720
Processing pair 185000 of 1194720
Processing pair 190000 of 1194720
Processing pair 195000 of 1194720
Processing pair 200000 of 1194720
Processing pair 205000 of 1194720
Processing pair 210000 of 1194720
Processing pair 215000 of 1194720
Processing pair 220000 of 1194720
Processing pair 225000 of 1194720
Processing pair 230000 of 1194720
Processing pair 235000 of 1194720
Processing pair 240000 of 1194720
Processing pair 245000 of 1194720
Processing pair 250000 of 1194720
Processing pair 255000 of 1194720
Processing pair 260000 of 1194720
Processing pair 265000 of 1194720
Processing pair 270000 of 1194720
Processing pair 275000 of 1194720
Processing pair 280000 of 1194720
Processing pair 285000 of 1194720
Processing pair 290000 of 1194720
Processing pair 295000 of 1194720
Processing pair 300000 of 1194720
Processing pair 305000 of 1194720
Processing pair 310000 of 1194720
Processing pair 315000 of 1194720
Processing pair 320000 of 1194720
Processing pair 325000 of 1194720
Processing pair 330000 of 1194720
Processing pair 335000 of 1194720
Processing pair 340000 of 1194720
Processing pair 345000 of 1194720
Processing pair 350000 of 1194720
Processing pair 355000 of 1194720
Processing pair 360000 of 1194720
Processing pair 365000 of 1194720
Processing pair 370000 of 1194720
Processing pair 375000 of 1194720
Processing pair 380000 of 1194720
Processing pair 385000 of 1194720
Processing pair 390000 of 1194720
Processing pair 395000 of 1194720
Processing pair 400000 of 1194720
Processing pair 405000 of 1194720
Processing pair 410000 of 1194720
Processing pair 415000 of 1194720
Processing pair 420000 of 1194720
Processing pair 425000 of 1194720
Processing pair 430000 of 1194720
Processing pair 435000 of 1194720
Processing pair 440000 of 1194720
Processing pair 445000 of 1194720
Processing pair 450000 of 1194720
Processing pair 455000 of 1194720
Processing pair 460000 of 1194720
Processing pair 465000 of 1194720
Processing pair 470000 of 1194720
Processing pair 475000 of 1194720
Processing pair 480000 of 1194720
Processing pair 485000 of 1194720
Processing pair 490000 of 1194720
Processing pair 495000 of 1194720
Processing pair 500000 of 1194720
Processing pair 505000 of 1194720
Processing pair 510000 of 1194720
Processing pair 515000 of 1194720
Processing pair 520000 of 1194720
Processing pair 525000 of 1194720
Processing pair 530000 of 1194720
Processing pair 535000 of 1194720
Processing pair 540000 of 1194720
Processing pair 545000 of 1194720
Processing pair 550000 of 1194720
Processing pair 555000 of 1194720
Processing pair 560000 of 1194720
Processing pair 565000 of 1194720
Processing pair 570000 of 1194720
Processing pair 575000 of 1194720
Processing pair 580000 of 1194720
Processing pair 585000 of 1194720
Processing pair 590000 of 1194720
Processing pair 595000 of 1194720
Processing pair 600000 of 1194720
Processing pair 605000 of 1194720
Processing pair 610000 of 1194720
Processing pair 615000 of 1194720
Processing pair 620000 of 1194720
Processing pair 625000 of 1194720
Processing pair 630000 of 1194720
Processing pair 635000 of 1194720
Processing pair 640000 of 1194720
Processing pair 645000 of 1194720
Processing pair 650000 of 1194720
Processing pair 655000 of 1194720
Processing pair 660000 of 1194720
Processing pair 665000 of 1194720
Processing pair 670000 of 1194720
Processing pair 675000 of 1194720
Processing pair 680000 of 1194720
Processing pair 685000 of 1194720
Processing pair 690000 of 1194720
Processing pair 695000 of 1194720
Processing pair 700000 of 1194720
Processing pair 705000 of 1194720
Processing pair 710000 of 1194720
Processing pair 715000 of 1194720
Processing pair 720000 of 1194720
Processing pair 725000 of 1194720
Processing pair 730000 of 1194720
Processing pair 735000 of 1194720
Processing pair 740000 of 1194720
Processing pair 745000 of 1194720
Processing pair 750000 of 1194720
Processing pair 755000 of 1194720
Processing pair 760000 of 1194720
Processing pair 765000 of 1194720
Processing pair 770000 of 1194720
Processing pair 775000 of 1194720
Processing pair 780000 of 1194720
Processing pair 785000 of 1194720
Processing pair 790000 of 1194720
Processing pair 795000 of 1194720
Processing pair 800000 of 1194720
Processing pair 805000 of 1194720
Processing pair 810000 of 1194720
Processing pair 815000 of 1194720
Processing pair 820000 of 1194720
Processing pair 825000 of 1194720
Processing pair 830000 of 1194720
Processing pair 835000 of 1194720
Processing pair 840000 of 1194720
Processing pair 845000 of 1194720
Processing pair 850000 of 1194720
Processing pair 855000 of 1194720
Processing pair 860000 of 1194720
Processing pair 865000 of 1194720
Processing pair 870000 of 1194720
Processing pair 875000 of 1194720
Processing pair 880000 of 1194720
Processing pair 885000 of 1194720
Processing pair 890000 of 1194720
Processing pair 895000 of 1194720
Processing pair 900000 of 1194720
Processing pair 905000 of 1194720
Processing pair 910000 of 1194720
Processing pair 915000 of 1194720
Processing pair 920000 of 1194720
Processing pair 925000 of 1194720
Processing pair 930000 of 1194720
Processing pair 935000 of 1194720
Processing pair 940000 of 1194720
Processing pair 945000 of 1194720
Processing pair 950000 of 1194720
Processing pair 955000 of 1194720
Processing pair 960000 of 1194720
Processing pair 965000 of 1194720
Processing pair 970000 of 1194720
Processing pair 975000 of 1194720
Processing pair 980000 of 1194720
Processing pair 985000 of 1194720
Processing pair 990000 of 1194720
Processing pair 995000 of 1194720
Processing pair 1000000 of 1194720
Processing pair 1005000 of 1194720
Processing pair 1010000 of 1194720
Processing pair 1015000 of 1194720
Processing pair 1020000 of 1194720
Processing pair 1025000 of 1194720
Processing pair 1030000 of 1194720
Processing pair 1035000 of 1194720
Processing pair 1040000 of 1194720
Processing pair 1045000 of 1194720
Processing pair 1050000 of 1194720
Processing pair 1055000 of 1194720
Processing pair 1060000 of 1194720
Processing pair 1065000 of 1194720
Processing pair 1070000 of 1194720
Processing pair 1075000 of 1194720
Processing pair 1080000 of 1194720
Processing pair 1085000 of 1194720
Processing pair 1090000 of 1194720
Processing pair 1095000 of 1194720
Processing pair 1100000 of 1194720
Processing pair 1105000 of 1194720
Processing pair 1110000 of 1194720
Processing pair 1115000 of 1194720
Processing pair 1120000 of 1194720
Processing pair 1125000 of 1194720
Processing pair 1130000 of 1194720
Processing pair 1135000 of 1194720
Processing pair 1140000 of 1194720
Processing pair 1145000 of 1194720
Processing pair 1150000 of 1194720
Processing pair 1155000 of 1194720
Processing pair 1160000 of 1194720
Processing pair 1165000 of 1194720
Processing pair 1170000 of 1194720
Processing pair 1175000 of 1194720
Processing pair 1180000 of 1194720
Processing pair 1185000 of 1194720
Processing pair 1190000 of 1194720
Processing pair 1194720 of 1194720
Processing pair 1 of 29799
Processing pair 5000 of 29799
Processing pair 10000 of 29799
Processing pair 15000 of 29799
Processing pair 20000 of 29799
Processing pair 25000 of 29799
Processing pair 29799 of 29799
Task 0/99: pref_attachment=0.0000, n_communities=1
Found 11 enriched pairs to generate.

============================================================
PA=0.00  comms=1  [enriched/etngrp_geslacht]
============================================================
============================================================
COMMUNITY CREATION (mode=capacity)
============================================================
dict_keys([])
  Created 860188 nodes in 10 groups
21882770
Calculating link requirements...
Total requested links: 21882770 (target: 21882770)

Assigning nodes (penalty=3.0, initial communities=1)...

Capacity-based community assignment complete: 860188 nodes -> 1 community (fast path)

Community size statistics (1 communities):
  Largest:  860188
  Smallest: 860188
  Mean:     860188.0
  Median:   860188.0
  Std:      0.0
  Q1/Q3:    860188.0 / 860188.0

Community assignments saved to my_communities.json
============================================================

============================================================
NETWORK GENERATION
============================================================

Step 1: Creating nodes from population data...
dict_keys([])
  Created 860188 nodes

Step 2: Creating edges from interaction patterns...
21882770
Calculating link requirements...
Total requested links: 21882770 (target: 21882770)

Step 2a: Loading communities from file...
  Loaded 1 communities from my_communities.json

Step 2b: Creating edges using community structure...
Using Rust backend for edge creation...
Building community lookup for group pairs...
  Single community: using lazy lookup (skipping O(n^2) build)

  Created 21882770 edges

Step 3: Filling remaining unfulfilled group pairs...

Filling unfulfilled group pairs...
  Total pairs: 100
  Fulfilled: 100
  Unfulfilled: 0
  Edges added: 0
  Reciprocal edges added: 0

============================================================
NETWORK GENERATION COMPLETE
============================================================
Nodes: 860188
Edges: 21882770

Link Fulfillment:
  Requested: 21882770
  Created: 21882770
  Difference: +0
  Rate: 100.0%

Saved to: my_networks/scale=1_comms=1_recip=1_trans=0_pa=0.00_bridge=0.2/enriched/etngrp_geslacht
============================================================

Generation time: 106.95s
Nodes: 860188, Edges: 21882770
Reciprocity:   0.9967
Transitivity:  0.0001
Degree — mean: 25.4, std: 15.1, median: 20, min: 2, max: 90, Q1: 17, Q3: 25, skew: 1.69

============================================================
PA=0.00  comms=1  [enriched/etngrp_geslacht_lft_arbeidsstatus_uitkeringstype_burgerlijke_staat]
============================================================
============================================================
COMMUNITY CREATION (mode=capacity)
============================================================
dict_keys([])
  Created 860188 nodes in 1885 groups
21882770
Calculating link requirements...
Total requested links: 21882770 (target: 21882770)

Assigning nodes (penalty=3.0, initial communities=1)...

Capacity-based community assignment complete: 860188 nodes -> 1 community (fast path)

Community size statistics (1 communities):
  Largest:  860188
  Smallest: 860188
  Mean:     860188.0
  Median:   860188.0
  Std:      0.0
  Q1/Q3:    860188.0 / 860188.0

Community assignments saved to my_communities.json
============================================================

============================================================
NETWORK GENERATION
============================================================

Step 1: Creating nodes from population data...
dict_keys([])
  Created 860188 nodes

Step 2: Creating edges from interaction patterns...
21882770
Calculating link requirements...
Total requested links: 21882770 (target: 21882770)

Step 2a: Loading communities from file...
  Loaded 1 communities from my_communities.json

Step 2b: Creating edges using community structure...
Using Rust backend for edge creation...
Building community lookup for group pairs...
  Single community: using lazy lookup (skipping O(n^2) build)

  Created 21882770 edges

Step 3: Filling remaining unfulfilled group pairs...

Filling unfulfilled group pairs...
  Total pairs: 1194720
  Fulfilled: 1194720
  Unfulfilled: 0
  Edges added: 0
  Reciprocal edges added: 0

============================================================
NETWORK GENERATION COMPLETE
============================================================
Nodes: 860188
Edges: 21882770

Link Fulfillment:
  Requested: 21882770
  Created: 21882770
  Difference: +0
  Rate: 100.0%

Saved to: my_networks/scale=1_comms=1_recip=1_trans=0_pa=0.00_bridge=0.2/enriched/etngrp_geslacht_lft_arbeidsstatus_uitkeringstype_burgerlijke_staat
============================================================

Generation time: 275.41s
Nodes: 860188, Edges: 21882770
Reciprocity:   0.9773
Transitivity:  0.0045
Degree — mean: 25.4, std: 33.4, median: 19, min: 0, max: 279, Q1: 16, Q3: 24, skew: 5.16

============================================================
PA=0.00  comms=1  [enriched/etngrp_geslacht_lft_oplniv]
============================================================
============================================================
COMMUNITY CREATION (mode=capacity)
============================================================
dict_keys([])
  Created 860188 nodes in 217 groups
21882770
Calculating link requirements...
Total requested links: 21882770 (target: 21882770)

Assigning nodes (penalty=3.0, initial communities=1)...

Capacity-based community assignment complete: 860188 nodes -> 1 community (fast path)

Community size statistics (1 communities):
  Largest:  860188
  Smallest: 860188
  Mean:     860188.0
  Median:   860188.0
  Std:      0.0
  Q1/Q3:    860188.0 / 860188.0

Community assignments saved to my_communities.json
============================================================

============================================================
NETWORK GENERATION
============================================================

Step 1: Creating nodes from population data...
dict_keys([])
  Created 860188 nodes

Step 2: Creating edges from interaction patterns...
21882770
Calculating link requirements...
Total requested links: 21882770 (target: 21882770)

Step 2a: Loading communities from file...
  Loaded 1 communities from my_communities.json

Step 2b: Creating edges using community structure...
Using Rust backend for edge creation...
Building community lookup for group pairs...
  Single community: using lazy lookup (skipping O(n^2) build)

  Created 21882770 edges

Step 3: Filling remaining unfulfilled group pairs...

Filling unfulfilled group pairs...
  Total pairs: 29799
  Fulfilled: 29799
  Unfulfilled: 0
  Edges added: 0
  Reciprocal edges added: 0

============================================================
NETWORK GENERATION COMPLETE
============================================================
Nodes: 860188
Edges: 21882770

Link Fulfillment:
  Requested: 21882770
  Created: 21882770
  Difference: +0
  Rate: 100.0%

Saved to: my_networks/scale=1_comms=1_recip=1_trans=0_pa=0.00_bridge=0.2/enriched/etngrp_geslacht_lft_oplniv
============================================================

Generation time: 119.49s
Nodes: 860188, Edges: 21882770
Reciprocity:   0.9701
Transitivity:  0.0135
Degree — mean: 25.4, std: 42.8, median: 19, min: 0, max: 389, Q1: 15, Q3: 23, skew: 6.61

============================================================
PA=0.00  comms=1  [enriched/etngrp_geslacht_lft_oplniv_burgerlijke_staat]
============================================================
============================================================
COMMUNITY CREATION (mode=capacity)
============================================================
dict_keys([])
  Created 86018 nodes in 838 groups
2188045
Calculating link requirements...
Total requested links: 2188045 (target: 2188045)

Assigning nodes (penalty=3.0, initial communities=1)...

Capacity-based community assignment complete: 86018 nodes -> 1 community (fast path)

Community size statistics (1 communities):
  Largest:  86018
  Smallest: 86018
  Mean:     86018.0
  Median:   86018.0
  Std:      0.0Processing pair 1 of 236710
Processing pair 5000 of 236710
Processing pair 10000 of 236710
Processing pair 15000 of 236710
Processing pair 20000 of 236710
Processing pair 25000 of 236710
Processing pair 30000 of 236710
Processing pair 35000 of 236710
Processing pair 40000 of 236710
Processing pair 45000 of 236710
Processing pair 50000 of 236710
Processing pair 55000 of 236710
Processing pair 60000 of 236710
Processing pair 65000 of 236710
Processing pair 70000 of 236710
Processing pair 75000 of 236710
Processing pair 80000 of 236710
Processing pair 85000 of 236710
Processing pair 90000 of 236710
Processing pair 95000 of 236710
Processing pair 100000 of 236710
Processing pair 105000 of 236710
Processing pair 110000 of 236710
Processing pair 115000 of 236710
Processing pair 120000 of 236710
Processing pair 125000 of 236710
Processing pair 130000 of 236710
Processing pair 135000 of 236710
Processing pair 140000 of 236710
Processing pair 145000 of 236710
Processing pair 150000 of 236710
Processing pair 155000 of 236710
Processing pair 160000 of 236710
Processing pair 165000 of 236710
Processing pair 170000 of 236710
Processing pair 175000 of 236710
Processing pair 180000 of 236710
Processing pair 185000 of 236710
Processing pair 190000 of 236710
Processing pair 195000 of 236710
Processing pair 200000 of 236710
Processing pair 205000 of 236710
Processing pair 210000 of 236710
Processing pair 215000 of 236710
Processing pair 220000 of 236710
Processing pair 225000 of 236710
Processing pair 230000 of 236710
Processing pair 235000 of 236710
Processing pair 236710 of 236710
Processing pair 1 of 6294811
Processing pair 5000 of 6294811
Processing pair 10000 of 6294811
Processing pair 15000 of 6294811
Processing pair 20000 of 6294811
Processing pair 25000 of 6294811
Processing pair 30000 of 6294811
Processing pair 35000 of 6294811
Processing pair 40000 of 6294811
Processing pair 45000 of 6294811
Processing pair 50000 of 6294811
Processing pair 55000 of 6294811
Processing pair 60000 of 6294811
Processing pair 65000 of 6294811
Processing pair 70000 of 6294811
Processing pair 75000 of 6294811
Processing pair 80000 of 6294811
Processing pair 85000 of 6294811
Processing pair 90000 of 6294811
Processing pair 95000 of 6294811
Processing pair 100000 of 6294811
Processing pair 105000 of 6294811
Processing pair 110000 of 6294811
Processing pair 115000 of 6294811
Processing pair 120000 of 6294811
Processing pair 125000 of 6294811
Processing pair 130000 of 6294811
Processing pair 135000 of 6294811
Processing pair 140000 of 6294811
Processing pair 145000 of 6294811
Processing pair 150000 of 6294811
Processing pair 155000 of 6294811
Processing pair 160000 of 6294811
Processing pair 165000 of 6294811
Processing pair 170000 of 6294811
Processing pair 175000 of 6294811
Processing pair 180000 of 6294811
Processing pair 185000 of 6294811
Processing pair 190000 of 6294811
Processing pair 195000 of 6294811
Processing pair 200000 of 6294811
Processing pair 205000 of 6294811
Processing pair 210000 of 6294811
Processing pair 215000 of 6294811
Processing pair 220000 of 6294811
Processing pair 225000 of 6294811
Processing pair 230000 of 6294811
Processing pair 235000 of 6294811
Processing pair 240000 of 6294811
Processing pair 245000 of 6294811
Processing pair 250000 of 6294811
Processing pair 255000 of 6294811
Processing pair 260000 of 6294811
Processing pair 265000 of 6294811
Processing pair 270000 of 6294811
Processing pair 275000 of 6294811
Processing pair 280000 of 6294811
Processing pair 285000 of 6294811
Processing pair 290000 of 6294811
Processing pair 295000 of 6294811
Processing pair 300000 of 6294811
Processing pair 305000 of 6294811
Processing pair 310000 of 6294811
Processing pair 315000 of 6294811
Processing pair 320000 of 6294811
Processing pair 325000 of 6294811
Processing pair 330000 of 6294811
Processing pair 335000 of 6294811
Processing pair 340000 of 6294811
Processing pair 345000 of 6294811
Processing pair 350000 of 6294811
Processing pair 355000 of 6294811
Processing pair 360000 of 6294811
Processing pair 365000 of 6294811
Processing pair 370000 of 6294811
Processing pair 375000 of 6294811
Processing pair 380000 of 6294811
Processing pair 385000 of 6294811
Processing pair 390000 of 6294811
Processing pair 395000 of 6294811
Processing pair 400000 of 6294811
Processing pair 405000 of 6294811
Processing pair 410000 of 6294811
Processing pair 415000 of 6294811
Processing pair 420000 of 6294811
Processing pair 425000 of 6294811
Processing pair 430000 of 6294811
Processing pair 435000 of 6294811
Processing pair 440000 of 6294811
Processing pair 445000 of 6294811
Processing pair 450000 of 6294811
Processing pair 455000 of 6294811
Processing pair 460000 of 6294811
Processing pair 465000 of 6294811
Processing pair 470000 of 6294811
Processing pair 475000 of 6294811
Processing pair 480000 of 6294811
Processing pair 485000 of 6294811
Processing pair 490000 of 6294811
Processing pair 495000 of 6294811
Processing pair 500000 of 6294811
Processing pair 505000 of 6294811
Processing pair 510000 of 6294811
Processing pair 515000 of 6294811
Processing pair 520000 of 6294811
Processing pair 525000 of 6294811
Processing pair 530000 of 6294811
Processing pair 535000 of 6294811
Processing pair 540000 of 6294811
Processing pair 545000 of 6294811
Processing pair 550000 of 6294811
Processing pair 555000 of 6294811
Processing pair 560000 of 6294811
Processing pair 565000 of 6294811
Processing pair 570000 of 6294811
Processing pair 575000 of 6294811
Processing pair 580000 of 6294811
Processing pair 585000 of 6294811
Processing pair 590000 of 6294811
Processing pair 595000 of 6294811
Processing pair 600000 of 6294811
Processing pair 605000 of 6294811
Processing pair 610000 of 6294811
Processing pair 615000 of 6294811
Processing pair 620000 of 6294811
Processing pair 625000 of 6294811
Processing pair 630000 of 6294811
Processing pair 635000 of 6294811
Processing pair 640000 of 6294811
Processing pair 645000 of 6294811
Processing pair 650000 of 6294811
Processing pair 655000 of 6294811
Processing pair 660000 of 6294811
Processing pair 665000 of 6294811
Processing pair 670000 of 6294811
Processing pair 675000 of 6294811
Processing pair 680000 of 6294811
Processing pair 685000 of 6294811
Processing pair 690000 of 6294811
Processing pair 695000 of 6294811
Processing pair 700000 of 6294811
Processing pair 705000 of 6294811
Processing pair 710000 of 6294811
Processing pair 715000 of 6294811
Processing pair 720000 of 6294811
Processing pair 725000 of 6294811
Processing pair 730000 of 6294811
Processing pair 735000 of 6294811
Processing pair 740000 of 6294811
Processing pair 745000 of 6294811
Processing pair 750000 of 6294811
Processing pair 755000 of 6294811
Processing pair 760000 of 6294811
Processing pair 765000 of 6294811
Processing pair 770000 of 6294811
Processing pair 775000 of 6294811
Processing pair 780000 of 6294811
Processing pair 785000 of 6294811
Processing pair 790000 of 6294811
Processing pair 795000 of 6294811
Processing pair 800000 of 6294811
Processing pair 805000 of 6294811
Processing pair 810000 of 6294811
Processing pair 815000 of 6294811
Processing pair 820000 of 6294811
Processing pair 825000 of 6294811
Processing pair 830000 of 6294811
Processing pair 835000 of 6294811
Processing pair 840000 of 6294811
Processing pair 845000 of 6294811
Processing pair 850000 of 6294811
Processing pair 855000 of 6294811
Processing pair 860000 of 6294811
Processing pair 865000 of 6294811
Processing pair 870000 of 6294811
Processing pair 875000 of 6294811
Processing pair 880000 of 6294811
Processing pair 885000 of 6294811
Processing pair 890000 of 6294811
Processing pair 895000 of 6294811
Processing pair 900000 of 6294811
Processing pair 905000 of 6294811
Processing pair 910000 of 6294811
Processing pair 915000 of 6294811
Processing pair 920000 of 6294811
Processing pair 925000 of 6294811
Processing pair 930000 of 6294811
Processing pair 935000 of 6294811
Processing pair 940000 of 6294811
Processing pair 945000 of 6294811
Processing pair 950000 of 6294811
Processing pair 955000 of 6294811
Processing pair 960000 of 6294811
Processing pair 965000 of 6294811
Processing pair 970000 of 6294811
Processing pair 975000 of 6294811
Processing pair 980000 of 6294811
Processing pair 985000 of 6294811
Processing pair 990000 of 6294811
Processing pair 995000 of 6294811
Processing pair 1000000 of 6294811
Processing pair 1005000 of 6294811
Processing pair 1010000 of 6294811
Processing pair 1015000 of 6294811
Processing pair 1020000 of 6294811
Processing pair 1025000 of 6294811
Processing pair 1030000 of 6294811
Processing pair 1035000 of 6294811
Processing pair 1040000 of 6294811
Processing pair 1045000 of 6294811
Processing pair 1050000 of 6294811
Processing pair 1055000 of 6294811
Processing pair 1060000 of 6294811
Processing pair 1065000 of 6294811
Processing pair 1070000 of 6294811
Processing pair 1075000 of 6294811
Processing pair 1080000 of 6294811
Processing pair 1085000 of 6294811
Processing pair 1090000 of 6294811
Processing pair 1095000 of 6294811
Processing pair 1100000 of 6294811
Processing pair 1105000 of 6294811
Processing pair 1110000 of 6294811
Processing pair 1115000 of 6294811
Processing pair 1120000 of 6294811
Processing pair 1125000 of 6294811
Processing pair 1130000 of 6294811
Processing pair 1135000 of 6294811
Processing pair 1140000 of 6294811
Processing pair 1145000 of 6294811
Processing pair 1150000 of 6294811
Processing pair 1155000 of 6294811
Processing pair 1160000 of 6294811
Processing pair 1165000 of 6294811
Processing pair 1170000 of 6294811
Processing pair 1175000 of 6294811
Processing pair 1180000 of 6294811
Processing pair 1185000 of 6294811
Processing pair 1190000 of 6294811
Processing pair 1195000 of 6294811
Processing pair 1200000 of 6294811
Processing pair 1205000 of 6294811
Processing pair 1210000 of 6294811
Processing pair 1215000 of 6294811
Processing pair 1220000 of 6294811
Processing pair 1225000 of 6294811
Processing pair 1230000 of 6294811
Processing pair 1235000 of 6294811
Processing pair 1240000 of 6294811
Processing pair 1245000 of 6294811
Processing pair 1250000 of 6294811
Processing pair 1255000 of 6294811
Processing pair 1260000 of 6294811
Processing pair 1265000 of 6294811
Processing pair 1270000 of 6294811
Processing pair 1275000 of 6294811
Processing pair 1280000 of 6294811
Processing pair 1285000 of 6294811
Processing pair 1290000 of 6294811
Processing pair 1295000 of 6294811
Processing pair 1300000 of 6294811
Processing pair 1305000 of 6294811
Processing pair 1310000 of 6294811
Processing pair 1315000 of 6294811
Processing pair 1320000 of 6294811
Processing pair 1325000 of 6294811
Processing pair 1330000 of 6294811
Processing pair 1335000 of 6294811
Processing pair 1340000 of 6294811
Processing pair 1345000 of 6294811
Processing pair 1350000 of 6294811
Processing pair 1355000 of 6294811
Processing pair 1360000 of 6294811
Processing pair 1365000 of 6294811
Processing pair 1370000 of 6294811
Processing pair 1375000 of 6294811
Processing pair 1380000 of 6294811
Processing pair 1385000 of 6294811
Processing pair 1390000 of 6294811
Processing pair 1395000 of 6294811
Processing pair 1400000 of 6294811
Processing pair 1405000 of 6294811
Processing pair 1410000 of 6294811
Processing pair 1415000 of 6294811
Processing pair 1420000 of 6294811
Processing pair 1425000 of 6294811
Processing pair 1430000 of 6294811
Processing pair 1435000 of 6294811
Processing pair 1440000 of 6294811
Processing pair 1445000 of 6294811
Processing pair 1450000 of 6294811
Processing pair 1455000 of 6294811
Processing pair 1460000 of 6294811
Processing pair 1465000 of 6294811
Processing pair 1470000 of 6294811
Processing pair 1475000 of 6294811
Processing pair 1480000 of 6294811
Processing pair 1485000 of 6294811
Processing pair 1490000 of 6294811
Processing pair 1495000 of 6294811
Processing pair 1500000 of 6294811
Processing pair 1505000 of 6294811
Processing pair 1510000 of 6294811
Processing pair 1515000 of 6294811
Processing pair 1520000 of 6294811
Processing pair 1525000 of 6294811
Processing pair 1530000 of 6294811
Processing pair 1535000 of 6294811
Processing pair 1540000 of 6294811
Processing pair 1545000 of 6294811
Processing pair 1550000 of 6294811
Processing pair 1555000 of 6294811
Processing pair 1560000 of 6294811
Processing pair 1565000 of 6294811
Processing pair 1570000 of 6294811
Processing pair 1575000 of 6294811
Processing pair 1580000 of 6294811
Processing pair 1585000 of 6294811
Processing pair 1590000 of 6294811
Processing pair 1595000 of 6294811
Processing pair 1600000 of 6294811
Processing pair 1605000 of 6294811
Processing pair 1610000 of 6294811
Processing pair 1615000 of 6294811
Processing pair 1620000 of 6294811
Processing pair 1625000 of 6294811
Processing pair 1630000 of 6294811
Processing pair 1635000 of 6294811
Processing pair 1640000 of 6294811
Processing pair 1645000 of 6294811
Processing pair 1650000 of 6294811
Processing pair 1655000 of 6294811
Processing pair 1660000 of 6294811
Processing pair 1665000 of 6294811
Processing pair 1670000 of 6294811
Processing pair 1675000 of 6294811
Processing pair 1680000 of 6294811
Processing pair 1685000 of 6294811
Processing pair 1690000 of 6294811
Processing pair 1695000 of 6294811
Processing pair 1700000 of 6294811
Processing pair 1705000 of 6294811
Processing pair 1710000 of 6294811
Processing pair 1715000 of 6294811
Processing pair 1720000 of 6294811
Processing pair 1725000 of 6294811
Processing pair 1730000 of 6294811
Processing pair 1735000 of 6294811
Processing pair 1740000 of 6294811
Processing pair 1745000 of 6294811
Processing pair 1750000 of 6294811
Processing pair 1755000 of 6294811
Processing pair 1760000 of 6294811
Processing pair 1765000 of 6294811
Processing pair 1770000 of 6294811
Processing pair 1775000 of 6294811
Processing pair 1780000 of 6294811
Processing pair 1785000 of 6294811
Processing pair 1790000 of 6294811
Processing pair 1795000 of 6294811
Processing pair 1800000 of 6294811
Processing pair 1805000 of 6294811
Processing pair 1810000 of 6294811
Processing pair 1815000 of 6294811
Processing pair 1820000 of 6294811
Processing pair 1825000 of 6294811
Processing pair 1830000 of 6294811
Processing pair 1835000 of 6294811
Processing pair 1840000 of 6294811
Processing pair 1845000 of 6294811
Processing pair 1850000 of 6294811
Processing pair 1855000 of 6294811
Processing pair 1860000 of 6294811
Processing pair 1865000 of 6294811
Processing pair 1870000 of 6294811
Processing pair 1875000 of 6294811
Processing pair 1880000 of 6294811
Processing pair 1885000 of 6294811
Processing pair 1890000 of 6294811
Processing pair 1895000 of 6294811
Processing pair 1900000 of 6294811
Processing pair 1905000 of 6294811
Processing pair 1910000 of 6294811
Processing pair 1915000 of 6294811
Processing pair 1920000 of 6294811
Processing pair 1925000 of 6294811
Processing pair 1930000 of 6294811
Processing pair 1935000 of 6294811
Processing pair 1940000 of 6294811
Processing pair 1945000 of 6294811
Processing pair 1950000 of 6294811
Processing pair 1955000 of 6294811
Processing pair 1960000 of 6294811
Processing pair 1965000 of 6294811
Processing pair 1970000 of 6294811
Processing pair 1975000 of 6294811
Processing pair 1980000 of 6294811
Processing pair 1985000 of 6294811
Processing pair 1990000 of 6294811
Processing pair 1995000 of 6294811
Processing pair 2000000 of 6294811
Processing pair 2005000 of 6294811
Processing pair 2010000 of 6294811
Processing pair 2015000 of 6294811
Processing pair 2020000 of 6294811
Processing pair 2025000 of 6294811
Processing pair 2030000 of 6294811
Processing pair 2035000 of 6294811
Processing pair 2040000 of 6294811
Processing pair 2045000 of 6294811
Processing pair 2050000 of 6294811
Processing pair 2055000 of 6294811
Processing pair 2060000 of 6294811
Processing pair 2065000 of 6294811
Processing pair 2070000 of 6294811
Processing pair 2075000 of 6294811
Processing pair 2080000 of 6294811
Processing pair 2085000 of 6294811
Processing pair 2090000 of 6294811
Processing pair 2095000 of 6294811
Processing pair 2100000 of 6294811
Processing pair 2105000 of 6294811
Processing pair 2110000 of 6294811
Processing pair 2115000 of 6294811
Processing pair 2120000 of 6294811
Processing pair 2125000 of 6294811
Processing pair 2130000 of 6294811
Processing pair 2135000 of 6294811
Processing pair 2140000 of 6294811
Processing pair 2145000 of 6294811
Processing pair 2150000 of 6294811
Processing pair 2155000 of 6294811
Processing pair 2160000 of 6294811
Processing pair 2165000 of 6294811
Processing pair 2170000 of 6294811
Processing pair 2175000 of 6294811
Processing pair 2180000 of 6294811
Processing pair 2185000 of 6294811
Processing pair 2190000 of 6294811
Processing pair 2195000 of 6294811
Processing pair 2200000 of 6294811
Processing pair 2205000 of 6294811
Processing pair 2210000 of 6294811
Processing pair 2215000 of 6294811
Processing pair 2220000 of 6294811
Processing pair 2225000 of 6294811
Processing pair 2230000 of 6294811
Processing pair 2235000 of 6294811
Processing pair 2240000 of 6294811
Processing pair 2245000 of 6294811
Processing pair 2250000 of 6294811
Processing pair 2255000 of 6294811
Processing pair 2260000 of 6294811
Processing pair 2265000 of 6294811
Processing pair 2270000 of 6294811
Processing pair 2275000 of 6294811
Processing pair 2280000 of 6294811
Processing pair 2285000 of 6294811
Processing pair 2290000 of 6294811
Processing pair 2295000 of 6294811
Processing pair 2300000 of 6294811
Processing pair 2305000 of 6294811
Processing pair 2310000 of 6294811
Processing pair 2315000 of 6294811
Processing pair 2320000 of 6294811
Processing pair 2325000 of 6294811
Processing pair 2330000 of 6294811
Processing pair 2335000 of 6294811
Processing pair 2340000 of 6294811
Processing pair 2345000 of 6294811
Processing pair 2350000 of 6294811
Processing pair 2355000 of 6294811
Processing pair 2360000 of 6294811
Processing pair 2365000 of 6294811
Processing pair 2370000 of 6294811
Processing pair 2375000 of 6294811
Processing pair 2380000 of 6294811
Processing pair 2385000 of 6294811
Processing pair 2390000 of 6294811
Processing pair 2395000 of 6294811
Processing pair 2400000 of 6294811
Processing pair 2405000 of 6294811
Processing pair 2410000 of 6294811
Processing pair 2415000 of 6294811
Processing pair 2420000 of 6294811
Processing pair 2425000 of 6294811
Processing pair 2430000 of 6294811
Processing pair 2435000 of 6294811
Processing pair 2440000 of 6294811
Processing pair 2445000 of 6294811
Processing pair 2450000 of 6294811
Processing pair 2455000 of 6294811
Processing pair 2460000 of 6294811
Processing pair 2465000 of 6294811
Processing pair 2470000 of 6294811
Processing pair 2475000 of 6294811
Processing pair 2480000 of 6294811
Processing pair 2485000 of 6294811
Processing pair 2490000 of 6294811
Processing pair 2495000 of 6294811
Processing pair 2500000 of 6294811
Processing pair 2505000 of 6294811
Processing pair 2510000 of 6294811
Processing pair 2515000 of 6294811
Processing pair 2520000 of 6294811
Processing pair 2525000 of 6294811
Processing pair 2530000 of 6294811
Processing pair 2535000 of 6294811
Processing pair 2540000 of 6294811
Processing pair 2545000 of 6294811
Processing pair 2550000 of 6294811
Processing pair 2555000 of 6294811
Processing pair 2560000 of 6294811
Processing pair 2565000 of 6294811
Processing pair 2570000 of 6294811
Processing pair 2575000 of 6294811
Processing pair 2580000 of 6294811
Processing pair 2585000 of 6294811
Processing pair 2590000 of 6294811
Processing pair 2595000 of 6294811
Processing pair 2600000 of 6294811
Processing pair 2605000 of 6294811
Processing pair 2610000 of 6294811
Processing pair 2615000 of 6294811
Processing pair 2620000 of 6294811
Processing pair 2625000 of 6294811
Processing pair 2630000 of 6294811
Processing pair 2635000 of 6294811
Processing pair 2640000 of 6294811
Processing pair 2645000 of 6294811
Processing pair 2650000 of 6294811
Processing pair 2655000 of 6294811
Processing pair 2660000 of 6294811
Processing pair 2665000 of 6294811
Processing pair 2670000 of 6294811
Processing pair 2675000 of 6294811
Processing pair 2680000 of 6294811
Processing pair 2685000 of 6294811
Processing pair 2690000 of 6294811
Processing pair 2695000 of 6294811
Processing pair 2700000 of 6294811
Processing pair 2705000 of 6294811
Processing pair 2710000 of 6294811
Processing pair 2715000 of 6294811
Processing pair 2720000 of 6294811
Processing pair 2725000 of 6294811
Processing pair 2730000 of 6294811
Processing pair 2735000 of 6294811
Processing pair 2740000 of 6294811
Processing pair 2745000 of 6294811
Processing pair 2750000 of 6294811
Processing pair 2755000 of 6294811
Processing pair 2760000 of 6294811
Processing pair 2765000 of 6294811
Processing pair 2770000 of 6294811
Processing pair 2775000 of 6294811
Processing pair 2780000 of 6294811
Processing pair 2785000 of 6294811
Processing pair 2790000 of 6294811
Processing pair 2795000 of 6294811
Processing pair 2800000 of 6294811
Processing pair 2805000 of 6294811
Processing pair 2810000 of 6294811
Processing pair 2815000 of 6294811
Processing pair 2820000 of 6294811
Processing pair 2825000 of 6294811
Processing pair 2830000 of 6294811
Processing pair 2835000 of 6294811
Processing pair 2840000 of 6294811
Processing pair 2845000 of 6294811
Processing pair 2850000 of 6294811
Processing pair 2855000 of 6294811
Processing pair 2860000 of 6294811
Processing pair 2865000 of 6294811
Processing pair 2870000 of 6294811
Processing pair 2875000 of 6294811
Processing pair 2880000 of 6294811
Processing pair 2885000 of 6294811
Processing pair 2890000 of 6294811
Processing pair 2895000 of 6294811
Processing pair 2900000 of 6294811
Processing pair 2905000 of 6294811
Processing pair 2910000 of 6294811
Processing pair 2915000 of 6294811
Processing pair 2920000 of 6294811
Processing pair 2925000 of 6294811
Processing pair 2930000 of 6294811
Processing pair 2935000 of 6294811
Processing pair 2940000 of 6294811
Processing pair 2945000 of 6294811
Processing pair 2950000 of 6294811
Processing pair 2955000 of 6294811
Processing pair 2960000 of 6294811
Processing pair 2965000 of 6294811
Processing pair 2970000 of 6294811
