Task 17/99: scale=1_comms=126_recip=1_trans=0_pa=0.22_bridge=0.2
  Loaded etngrp_geslacht (860188 nodes, 21882770 edges)
  Simulating etngrp_geslacht (860188 nodes, 200 sims)...
    threshold 1/4 (tau=0.050)
    threshold 2/4 (tau=0.133)
    threshold 3/4 (tau=0.217)
    threshold 4/4 (tau=0.300)
  Saved 4 rows for etngrp_geslacht to results/parameter_sweep/task_17.csv
  Loaded etngrp_geslacht_lft_arbeidsstatus_uitkeringstype_burgerlijke_staat (860188 nodes, 21882770 edges)
  Simulating etngrp_geslacht_lft_arbeidsstatus_uitkeringstype_burgerlijke_staat (860188 nodes, 200 sims)...
    threshold 1/4 (tau=0.050)
    threshold 2/4 (tau=0.133)
    threshold 3/4 (tau=0.217)
    threshold 4/4 (tau=0.300)
  Saved 4 rows for etngrp_geslacht_lft_arbeidsstatus_uitkeringstype_burgerlijke_staat to results/parameter_sweep/task_17.csv
  Loaded etngrp_geslacht_lft_oplniv (860188 nodes, 21882770 edges)
  Simulating etngrp_geslacht_lft_oplniv (860188 nodes, 200 sims)...
    threshold 1/4 (tau=0.050)
    threshold 2/4 (tau=0.133)
    threshold 3/4 (tau=0.217)
    threshold 4/4 (tau=0.300)
  Saved 4 rows for etngrp_geslacht_lft_oplniv to results/parameter_sweep/task_17.csv
  Loaded etngrp_geslacht_lft_oplniv_burgerlijke_staat (86018 nodes, 2188045 edges)
  Simulating etngrp_geslacht_lft_oplniv_burgerlijke_staat (86018 nodes, 200 sims)...
    threshold 1/4 (tau=0.050)
    threshold 2/4 (tau=0.133)
    threshold 3/4 (tau=0.217)
    threshold 4/4 (tau=0.300)
  Saved 4 rows for etngrp_geslacht_lft_oplniv_burgerlijke_staat to results/parameter_sweep/task_17.csv
  Loaded etngrp_geslacht_lft_oplniv_inkomensniveau_arbeidsstatus_uitkeringstype_burgerlijke_staat (860188 nodes, 21882770 edges)
  Simulating etngrp_geslacht_lft_oplniv_inkomensniveau_arbeidsstatus_uitkeringstype_burgerlijke_staat (860188 nodes, 200 sims)...
    threshold 1/4 (tau=0.050)
    threshold 2/4 (tau=0.133)
    threshold 3/4 (tau=0.217)
    threshold 4/4 (tau=0.300)
  Saved 4 rows for etngrp_geslacht_lft_oplniv_inkomensniveau_arbeidsstatus_uitkeringstype_burgerlijke_staat to results/parameter_sweep/task_17.csv
  Loaded etngrp_lft_inkomensniveau_arbeidsstatus_burgerlijke_staat (860188 nodes, 21882770 edges)
  Simulating etngrp_lft_inkomensniveau_arbeidsstatus_burgerlijke_staat (860188 nodes, 200 sims)...
    threshold 1/4 (tau=0.050)
    threshold 2/4 (tau=0.133)
    threshold 3/4 (tau=0.217)
    threshold 4/4 (tau=0.300)
  Saved 4 rows for etngrp_lft_inkomensniveau_arbeidsstatus_burgerlijke_staat to results/parameter_sweep/task_17.csv
  Loaded geslacht (860188 nodes, 21882770 edges)
  Simulating geslacht (860188 nodes, 200 sims)...
    threshold 1/4 (tau=0.050)
    threshold 2/4 (tau=0.133)
    threshold 3/4 (tau=0.217)
    threshold 4/4 (tau=0.300)
  Saved 4 rows for geslacht to results/parameter_sweep/task_17.csv
  Loaded geslacht_lft_oplniv (860188 nodes, 21882770 edges)
  Simulating geslacht_lft_oplniv (860188 nodes, 200 sims)...
    threshold 1/4 (tau=0.050)
    threshold 2/4 (tau=0.133)
    threshold 3/4 (tau=0.217)
    threshold 4/4 (tau=0.300)
  Saved 4 rows for geslacht_lft_oplniv to results/parameter_sweep/task_17.csv
  Loaded geslacht_lft_oplniv_inkomensniveau_arbeidsstatus_uitkeringstype (860188 nodes, 21882770 edges)
  Simulating geslacht_lft_oplniv_inkomensniveau_arbeidsstatus_uitkeringstype (860188 nodes, 200 sims)...
    threshold 1/4 (tau=0.050)
    threshold 2/4 (tau=0.133)
    threshold 3/4 (tau=0.217)
    threshold 4/4 (tau=0.300)
  Saved 4 rows for geslacht_lft_oplniv_inkomensniveau_arbeidsstatus_uitkeringstype to results/parameter_sweep/task_17.csv
  Loaded lft_inkomensniveau_arbeidsstatus_uitkeringstype_burgerlijke_staat (860188 nodes, 21882770 edges)
  Simulating lft_inkomensniveau_arbeidsstatus_uitkeringstype_burgerlijke_staat (860188 nodes, 200 sims)...
    threshold 1/4 (tau=0.050)
    threshold 2/4 (tau=0.133)
    threshold 3/4 (tau=0.217)
    threshold 4/4 (tau=0.300)
  Saved 4 rows for lft_inkomensniveau_arbeidsstatus_uitkeringstype_burgerlijke_staat to results/parameter_sweep/task_17.csv
  Loaded lft_oplniv (860188 nodes, 21882770 edges)
  Simulating lft_oplniv (860188 nodes, 200 sims)...
    threshold 1/4 (tau=0.050)
    threshold 2/4 (tau=0.133)
    threshold 3/4 (tau=0.217)
    threshold 4/4 (tau=0.300)
  Saved 4 rows for lft_oplniv to results/parameter_sweep/task_17.csv
