Capacity assignment: 5000/860146 nodes (0.6%), 42 active communities
Capacity assignment: 10000/860146 nodes (1.2%), 42 active communities
Capacity assignment: 15000/860146 nodes (1.7%), 42 active communities
Capacity assignment: 20000/860146 nodes (2.3%), 42 active communities
Capacity assignment: 25000/860146 nodes (2.9%), 42 active communities
Capacity assignment: 30000/860146 nodes (3.5%), 42 active communities
Capacity assignment: 35000/860146 nodes (4.1%), 42 active communities
Capacity assignment: 40000/860146 nodes (4.7%), 42 active communities
Capacity assignment: 45000/860146 nodes (5.2%), 42 active communities
Capacity assignment: 50000/860146 nodes (5.8%), 42 active communities
Capacity assignment: 55000/860146 nodes (6.4%), 42 active communities
Capacity assignment: 60000/860146 nodes (7.0%), 42 active communities
Capacity assignment: 65000/860146 nodes (7.6%), 42 active communities
Capacity assignment: 70000/860146 nodes (8.1%), 42 active communities
Capacity assignment: 75000/860146 nodes (8.7%), 42 active communities
Capacity assignment: 80000/860146 nodes (9.3%), 42 active communities
Capacity assignment: 85000/860146 nodes (9.9%), 42 active communities
Capacity assignment: 90000/860146 nodes (10.5%), 42 active communities
Capacity assignment: 95000/860146 nodes (11.0%), 42 active communities
Capacity assignment: 100000/860146 nodes (11.6%), 42 active communities
Capacity assignment: 105000/860146 nodes (12.2%), 42 active communities
Capacity assignment: 110000/860146 nodes (12.8%), 42 active communities
Capacity assignment: 115000/860146 nodes (13.4%), 42 active communities
Capacity assignment: 120000/860146 nodes (14.0%), 42 active communities
Capacity assignment: 125000/860146 nodes (14.5%), 42 active communities
Capacity assignment: 130000/860146 nodes (15.1%), 42 active communities
Capacity assignment: 135000/860146 nodes (15.7%), 42 active communities
Capacity assignment: 140000/860146 nodes (16.3%), 42 active communities
Capacity assignment: 145000/860146 nodes (16.9%), 42 active communities
Capacity assignment: 150000/860146 nodes (17.4%), 42 active communities
Capacity assignment: 155000/860146 nodes (18.0%), 42 active communities
Capacity assignment: 160000/860146 nodes (18.6%), 42 active communities
Capacity assignment: 165000/860146 nodes (19.2%), 42 active communities
Capacity assignment: 170000/860146 nodes (19.8%), 42 active communities
Capacity assignment: 175000/860146 nodes (20.3%), 42 active communities
Capacity assignment: 180000/860146 nodes (20.9%), 42 active communities
Capacity assignment: 185000/860146 nodes (21.5%), 42 active communities
Capacity assignment: 190000/860146 nodes (22.1%), 42 active communities
Capacity assignment: 195000/860146 nodes (22.7%), 42 active communities
Capacity assignment: 200000/860146 nodes (23.3%), 42 active communities
Capacity assignment: 205000/860146 nodes (23.8%), 42 active communities
Capacity assignment: 210000/860146 nodes (24.4%), 42 active communities
Capacity assignment: 215000/860146 nodes (25.0%), 42 active communities
Capacity assignment: 220000/860146 nodes (25.6%), 42 active communities
Capacity assignment: 225000/860146 nodes (26.2%), 42 active communities
Capacity assignment: 230000/860146 nodes (26.7%), 42 active communities
Capacity assignment: 235000/860146 nodes (27.3%), 42 active communities
Capacity assignment: 240000/860146 nodes (27.9%), 42 active communities
Capacity assignment: 245000/860146 nodes (28.5%), 42 active communities
Capacity assignment: 250000/860146 nodes (29.1%), 42 active communities
Capacity assignment: 255000/860146 nodes (29.6%), 42 active communities
Capacity assignment: 260000/860146 nodes (30.2%), 42 active communities
Capacity assignment: 265000/860146 nodes (30.8%), 42 active communities
Capacity assignment: 270000/860146 nodes (31.4%), 42 active communities
Capacity assignment: 275000/860146 nodes (32.0%), 42 active communities
Capacity assignment: 280000/860146 nodes (32.6%), 42 active communities
Capacity assignment: 285000/860146 nodes (33.1%), 42 active communities
Capacity assignment: 290000/860146 nodes (33.7%), 42 active communities
Capacity assignment: 295000/860146 nodes (34.3%), 42 active communities
Capacity assignment: 300000/860146 nodes (34.9%), 42 active communities
Capacity assignment: 305000/860146 nodes (35.5%), 42 active communities
Capacity assignment: 310000/860146 nodes (36.0%), 42 active communities
Capacity assignment: 315000/860146 nodes (36.6%), 42 active communities
Capacity assignment: 320000/860146 nodes (37.2%), 42 active communities
Capacity assignment: 325000/860146 nodes (37.8%), 42 active communities
Capacity assignment: 330000/860146 nodes (38.4%), 42 active communities
Capacity assignment: 335000/860146 nodes (38.9%), 42 active communities
Capacity assignment: 340000/860146 nodes (39.5%), 42 active communities
Capacity assignment: 345000/860146 nodes (40.1%), 42 active communities
Capacity assignment: 350000/860146 nodes (40.7%), 42 active communities
Capacity assignment: 355000/860146 nodes (41.3%), 42 active communities
Capacity assignment: 360000/860146 nodes (41.9%), 42 active communities
Capacity assignment: 365000/860146 nodes (42.4%), 42 active communities
Capacity assignment: 370000/860146 nodes (43.0%), 42 active communities
Capacity assignment: 375000/860146 nodes (43.6%), 42 active communities
Capacity assignment: 380000/860146 nodes (44.2%), 42 active communities
Capacity assignment: 385000/860146 nodes (44.8%), 42 active communities
Capacity assignment: 390000/860146 nodes (45.3%), 42 active communities
Capacity assignment: 395000/860146 nodes (45.9%), 42 active communities
Capacity assignment: 400000/860146 nodes (46.5%), 42 active communities
Capacity assignment: 405000/860146 nodes (47.1%), 42 active communities
Capacity assignment: 410000/860146 nodes (47.7%), 42 active communities
Capacity assignment: 415000/860146 nodes (48.2%), 42 active communities
Capacity assignment: 420000/860146 nodes (48.8%), 42 active communities
Capacity assignment: 425000/860146 nodes (49.4%), 42 active communities
Capacity assignment: 430000/860146 nodes (50.0%), 42 active communities
Capacity assignment: 435000/860146 nodes (50.6%), 42 active communities
Capacity assignment: 440000/860146 nodes (51.2%), 42 active communities
Capacity assignment: 445000/860146 nodes (51.7%), 42 active communities
Capacity assignment: 450000/860146 nodes (52.3%), 42 active communities
Capacity assignment: 455000/860146 nodes (52.9%), 42 active communities
Capacity assignment: 460000/860146 nodes (53.5%), 42 active communities
Capacity assignment: 465000/860146 nodes (54.1%), 42 active communities
Capacity assignment: 470000/860146 nodes (54.6%), 42 active communities
Capacity assignment: 475000/860146 nodes (55.2%), 42 active communities
Capacity assignment: 480000/860146 nodes (55.8%), 42 active communities
Capacity assignment: 485000/860146 nodes (56.4%), 42 active communities
Capacity assignment: 490000/860146 nodes (57.0%), 42 active communities
Capacity assignment: 495000/860146 nodes (57.5%), 42 active communities
Capacity assignment: 500000/860146 nodes (58.1%), 42 active communities
Capacity assignment: 505000/860146 nodes (58.7%), 42 active communities
Capacity assignment: 510000/860146 nodes (59.3%), 42 active communities
Capacity assignment: 515000/860146 nodes (59.9%), 42 active communities
Capacity assignment: 520000/860146 nodes (60.5%), 42 active communities
Capacity assignment: 525000/860146 nodes (61.0%), 42 active communities
Capacity assignment: 530000/860146 nodes (61.6%), 42 active communities
Capacity assignment: 535000/860146 nodes (62.2%), 42 active communities
Capacity assignment: 540000/860146 nodes (62.8%), 42 active communities
Capacity assignment: 545000/860146 nodes (63.4%), 42 active communities
Capacity assignment: 550000/860146 nodes (63.9%), 42 active communities
Capacity assignment: 555000/860146 nodes (64.5%), 42 active communities
Capacity assignment: 560000/860146 nodes (65.1%), 42 active communities
Capacity assignment: 565000/860146 nodes (65.7%), 42 active communities
Capacity assignment: 570000/860146 nodes (66.3%), 42 active communities
Capacity assignment: 575000/860146 nodes (66.8%), 42 active communities
Capacity assignment: 580000/860146 nodes (67.4%), 42 active communities
Capacity assignment: 585000/860146 nodes (68.0%), 42 active communities
Capacity assignment: 590000/860146 nodes (68.6%), 42 active communities
Capacity assignment: 595000/860146 nodes (69.2%), 42 active communities
Capacity assignment: 600000/860146 nodes (69.8%), 42 active communities
Capacity assignment: 605000/860146 nodes (70.3%), 42 active communities
Capacity assignment: 610000/860146 nodes (70.9%), 42 active communities
Capacity assignment: 615000/860146 nodes (71.5%), 42 active communities
Capacity assignment: 620000/860146 nodes (72.1%), 42 active communities
Capacity assignment: 625000/860146 nodes (72.7%), 42 active communities
Capacity assignment: 630000/860146 nodes (73.2%), 42 active communities
Capacity assignment: 635000/860146 nodes (73.8%), 42 active communities
Capacity assignment: 640000/860146 nodes (74.4%), 42 active communities
Capacity assignment: 645000/860146 nodes (75.0%), 42 active communities
Capacity assignment: 650000/860146 nodes (75.6%), 42 active communities
Capacity assignment: 655000/860146 nodes (76.1%), 42 active communities
Capacity assignment: 660000/860146 nodes (76.7%), 42 active communities
Capacity assignment: 665000/860146 nodes (77.3%), 42 active communities
Capacity assignment: 670000/860146 nodes (77.9%), 42 active communities
Capacity assignment: 675000/860146 nodes (78.5%), 42 active communities
Capacity assignment: 680000/860146 nodes (79.1%), 42 active communities
Capacity assignment: 685000/860146 nodes (79.6%), 42 active communities
Capacity assignment: 690000/860146 nodes (80.2%), 42 active communities
Capacity assignment: 695000/860146 nodes (80.8%), 42 active communities
Capacity assignment: 700000/860146 nodes (81.4%), 42 active communities
Capacity assignment: 705000/860146 nodes (82.0%), 42 active communities
Capacity assignment: 710000/860146 nodes (82.5%), 42 active communities
Capacity assignment: 715000/860146 nodes (83.1%), 42 active communities
Capacity assignment: 720000/860146 nodes (83.7%), 42 active communities
Capacity assignment: 725000/860146 nodes (84.3%), 42 active communities
Capacity assignment: 730000/860146 nodes (84.9%), 42 active communities
Capacity assignment: 735000/860146 nodes (85.5%), 42 active communities
Capacity assignment: 740000/860146 nodes (86.0%), 42 active communities
Capacity assignment: 745000/860146 nodes (86.6%), 42 active communities
Capacity assignment: 750000/860146 nodes (87.2%), 42 active communities
Capacity assignment: 755000/860146 nodes (87.8%), 42 active communities
Capacity assignment: 760000/860146 nodes (88.4%), 42 active communities
Capacity assignment: 765000/860146 nodes (88.9%), 42 active communities
Capacity assignment: 770000/860146 nodes (89.5%), 42 active communities
Capacity assignment: 775000/860146 nodes (90.1%), 42 active communities
Capacity assignment: 780000/860146 nodes (90.7%), 42 active communities
Capacity assignment: 785000/860146 nodes (91.3%), 42 active communities
Capacity assignment: 790000/860146 nodes (91.8%), 42 active communities
Capacity assignment: 795000/860146 nodes (92.4%), 42 active communities
Capacity assignment: 800000/860146 nodes (93.0%), 42 active communities
Capacity assignment: 805000/860146 nodes (93.6%), 42 active communities
Capacity assignment: 810000/860146 nodes (94.2%), 42 active communities
Capacity assignment: 815000/860146 nodes (94.8%), 42 active communities
Capacity assignment: 820000/860146 nodes (95.3%), 42 active communities
Capacity assignment: 825000/860146 nodes (95.9%), 42 active communities
Capacity assignment: 830000/860146 nodes (96.5%), 42 active communities
Capacity assignment: 835000/860146 nodes (97.1%), 42 active communities
Capacity assignment: 840000/860146 nodes (97.7%), 42 active communities
Capacity assignment: 845000/860146 nodes (98.2%), 42 active communities
Capacity assignment: 850000/860146 nodes (98.8%), 42 active communities
Capacity assignment: 855000/860146 nodes (99.4%), 42 active communities
Capacity assignment: 860000/860146 nodes (100.0%), 42 active communities
Capacity-based assignment complete: 860146 nodes -> 42 active communities
Processing pair 1 of 100
Processing pair 100 of 100
Capacity assignment: 5000/860146 nodes (0.6%), 42 active communities
Capacity assignment: 10000/860146 nodes (1.2%), 42 active communities
Capacity assignment: 15000/860146 nodes (1.7%), 42 active communities
Capacity assignment: 20000/860146 nodes (2.3%), 42 active communities
Capacity assignment: 25000/860146 nodes (2.9%), 42 active communities
Capacity assignment: 30000/860146 nodes (3.5%), 42 active communities
Capacity assignment: 35000/860146 nodes (4.1%), 42 active communities
Capacity assignment: 40000/860146 nodes (4.7%), 42 active communities
Capacity assignment: 45000/860146 nodes (5.2%), 42 active communities
Capacity assignment: 50000/860146 nodes (5.8%), 42 active communities
Capacity assignment: 55000/860146 nodes (6.4%), 42 active communities
Capacity assignment: 60000/860146 nodes (7.0%), 42 active communities
Capacity assignment: 65000/860146 nodes (7.6%), 42 active communities
Capacity assignment: 70000/860146 nodes (8.1%), 42 active communities
Capacity assignment: 75000/860146 nodes (8.7%), 42 active communities
Capacity assignment: 80000/860146 nodes (9.3%), 42 active communities
Capacity assignment: 85000/860146 nodes (9.9%), 42 active communities
Capacity assignment: 90000/860146 nodes (10.5%), 42 active communities
Capacity assignment: 95000/860146 nodes (11.0%), 42 active communities
Capacity assignment: 100000/860146 nodes (11.6%), 42 active communities
Capacity assignment: 105000/860146 nodes (12.2%), 42 active communities
Capacity assignment: 110000/860146 nodes (12.8%), 42 active communities
Capacity assignment: 115000/860146 nodes (13.4%), 42 active communities
Capacity assignment: 120000/860146 nodes (14.0%), 42 active communities
Capacity assignment: 125000/860146 nodes (14.5%), 42 active communities
Capacity assignment: 130000/860146 nodes (15.1%), 42 active communities
Capacity assignment: 135000/860146 nodes (15.7%), 42 active communities
Capacity assignment: 140000/860146 nodes (16.3%), 42 active communities
Capacity assignment: 145000/860146 nodes (16.9%), 42 active communities
Capacity assignment: 150000/860146 nodes (17.4%), 42 active communities
Capacity assignment: 155000/860146 nodes (18.0%), 42 active communities
Capacity assignment: 160000/860146 nodes (18.6%), 42 active communities
Capacity assignment: 165000/860146 nodes (19.2%), 42 active communities
Capacity assignment: 170000/860146 nodes (19.8%), 42 active communities
Capacity assignment: 175000/860146 nodes (20.3%), 42 active communities
Capacity assignment: 180000/860146 nodes (20.9%), 42 active communities
Capacity assignment: 185000/860146 nodes (21.5%), 42 active communities
Capacity assignment: 190000/860146 nodes (22.1%), 42 active communities
Capacity assignment: 195000/860146 nodes (22.7%), 42 active communities
Capacity assignment: 200000/860146 nodes (23.3%), 42 active communities
Capacity assignment: 205000/860146 nodes (23.8%), 42 active communities
Capacity assignment: 210000/860146 nodes (24.4%), 42 active communities
Capacity assignment: 215000/860146 nodes (25.0%), 42 active communities
Capacity assignment: 220000/860146 nodes (25.6%), 42 active communities
Capacity assignment: 225000/860146 nodes (26.2%), 42 active communities
Capacity assignment: 230000/860146 nodes (26.7%), 42 active communities
Capacity assignment: 235000/860146 nodes (27.3%), 42 active communities
Capacity assignment: 240000/860146 nodes (27.9%), 42 active communities
Capacity assignment: 245000/860146 nodes (28.5%), 42 active communities
Capacity assignment: 250000/860146 nodes (29.1%), 42 active communities
Capacity assignment: 255000/860146 nodes (29.6%), 42 active communities
Capacity assignment: 260000/860146 nodes (30.2%), 42 active communities
Capacity assignment: 265000/860146 nodes (30.8%), 42 active communities
Capacity assignment: 270000/860146 nodes (31.4%), 42 active communities
Capacity assignment: 275000/860146 nodes (32.0%), 42 active communities
Capacity assignment: 280000/860146 nodes (32.6%), 42 active communities
Capacity assignment: 285000/860146 nodes (33.1%), 42 active communities
Capacity assignment: 290000/860146 nodes (33.7%), 42 active communities
Capacity assignment: 295000/860146 nodes (34.3%), 42 active communities
Capacity assignment: 300000/860146 nodes (34.9%), 42 active communities
Capacity assignment: 305000/860146 nodes (35.5%), 42 active communities
Capacity assignment: 310000/860146 nodes (36.0%), 42 active communities
Capacity assignment: 315000/860146 nodes (36.6%), 42 active communities
Capacity assignment: 320000/860146 nodes (37.2%), 42 active communities
Capacity assignment: 325000/860146 nodes (37.8%), 42 active communities
Capacity assignment: 330000/860146 nodes (38.4%), 42 active communities
Capacity assignment: 335000/860146 nodes (38.9%), 42 active communities
Capacity assignment: 340000/860146 nodes (39.5%), 42 active communities
Capacity assignment: 345000/860146 nodes (40.1%), 42 active communities
Capacity assignment: 350000/860146 nodes (40.7%), 42 active communities
Capacity assignment: 355000/860146 nodes (41.3%), 42 active communities
Capacity assignment: 360000/860146 nodes (41.9%), 42 active communities
Capacity assignment: 365000/860146 nodes (42.4%), 42 active communities
Capacity assignment: 370000/860146 nodes (43.0%), 42 active communities
Capacity assignment: 375000/860146 nodes (43.6%), 42 active communities
Capacity assignment: 380000/860146 nodes (44.2%), 42 active communities
Capacity assignment: 385000/860146 nodes (44.8%), 42 active communities
Capacity assignment: 390000/860146 nodes (45.3%), 42 active communities
Capacity assignment: 395000/860146 nodes (45.9%), 42 active communities
Capacity assignment: 400000/860146 nodes (46.5%), 42 active communities
Capacity assignment: 405000/860146 nodes (47.1%), 42 active communities
Capacity assignment: 410000/860146 nodes (47.7%), 42 active communities
Capacity assignment: 415000/860146 nodes (48.2%), 42 active communities
Capacity assignment: 420000/860146 nodes (48.8%), 42 active communities
Capacity assignment: 425000/860146 nodes (49.4%), 42 active communities
Capacity assignment: 430000/860146 nodes (50.0%), 42 active communities
Capacity assignment: 435000/860146 nodes (50.6%), 42 active communities
Capacity assignment: 440000/860146 nodes (51.2%), 42 active communities
Capacity assignment: 445000/860146 nodes (51.7%), 42 active communities
Capacity assignment: 450000/860146 nodes (52.3%), 42 active communities
Capacity assignment: 455000/860146 nodes (52.9%), 42 active communities
Capacity assignment: 460000/860146 nodes (53.5%), 42 active communities
Capacity assignment: 465000/860146 nodes (54.1%), 42 active communities
Capacity assignment: 470000/860146 nodes (54.6%), 42 active communities
Capacity assignment: 475000/860146 nodes (55.2%), 42 active communities
Capacity assignment: 480000/860146 nodes (55.8%), 42 active communities
Capacity assignment: 485000/860146 nodes (56.4%), 42 active communities
Capacity assignment: 490000/860146 nodes (57.0%), 42 active communities
Capacity assignment: 495000/860146 nodes (57.5%), 42 active communities
Capacity assignment: 500000/860146 nodes (58.1%), 42 active communities
Capacity assignment: 505000/860146 nodes (58.7%), 42 active communities
Capacity assignment: 510000/860146 nodes (59.3%), 42 active communities
Capacity assignment: 515000/860146 nodes (59.9%), 42 active communities
Capacity assignment: 520000/860146 nodes (60.5%), 42 active communities
Capacity assignment: 525000/860146 nodes (61.0%), 42 active communities
Capacity assignment: 530000/860146 nodes (61.6%), 42 active communities
Capacity assignment: 535000/860146 nodes (62.2%), 42 active communities
Capacity assignment: 540000/860146 nodes (62.8%), 42 active communities
Capacity assignment: 545000/860146 nodes (63.4%), 42 active communities
Capacity assignment: 550000/860146 nodes (63.9%), 42 active communities
Capacity assignment: 555000/860146 nodes (64.5%), 42 active communities
Capacity assignment: 560000/860146 nodes (65.1%), 42 active communities
Capacity assignment: 565000/860146 nodes (65.7%), 42 active communities
Capacity assignment: 570000/860146 nodes (66.3%), 42 active communities
Capacity assignment: 575000/860146 nodes (66.8%), 42 active communities
Capacity assignment: 580000/860146 nodes (67.4%), 42 active communities
Capacity assignment: 585000/860146 nodes (68.0%), 42 active communities
Capacity assignment: 590000/860146 nodes (68.6%), 42 active communities
Capacity assignment: 595000/860146 nodes (69.2%), 42 active communities
Capacity assignment: 600000/860146 nodes (69.8%), 42 active communities
Capacity assignment: 605000/860146 nodes (70.3%), 42 active communities
Capacity assignment: 610000/860146 nodes (70.9%), 42 active communities
Capacity assignment: 615000/860146 nodes (71.5%), 42 active communities
Capacity assignment: 620000/860146 nodes (72.1%), 42 active communities
Capacity assignment: 625000/860146 nodes (72.7%), 42 active communities
Capacity assignment: 630000/860146 nodes (73.2%), 42 active communities
Capacity assignment: 635000/860146 nodes (73.8%), 42 active communities
Capacity assignment: 640000/860146 nodes (74.4%), 42 active communities
Capacity assignment: 645000/860146 nodes (75.0%), 42 active communities
Capacity assignment: 650000/860146 nodes (75.6%), 42 active communities
Capacity assignment: 655000/860146 nodes (76.1%), 42 active communities
Capacity assignment: 660000/860146 nodes (76.7%), 42 active communities
Capacity assignment: 665000/860146 nodes (77.3%), 42 active communities
Capacity assignment: 670000/860146 nodes (77.9%), 42 active communities
Capacity assignment: 675000/860146 nodes (78.5%), 42 active communities
Capacity assignment: 680000/860146 nodes (79.1%), 42 active communities
Capacity assignment: 685000/860146 nodes (79.6%), 42 active communities
Capacity assignment: 690000/860146 nodes (80.2%), 42 active communities
Capacity assignment: 695000/860146 nodes (80.8%), 42 active communities
Capacity assignment: 700000/860146 nodes (81.4%), 42 active communities
Capacity assignment: 705000/860146 nodes (82.0%), 42 active communities
Capacity assignment: 710000/860146 nodes (82.5%), 42 active communities
Capacity assignment: 715000/860146 nodes (83.1%), 42 active communities
Capacity assignment: 720000/860146 nodes (83.7%), 42 active communities
Capacity assignment: 725000/860146 nodes (84.3%), 42 active communities
Capacity assignment: 730000/860146 nodes (84.9%), 42 active communities
Capacity assignment: 735000/860146 nodes (85.5%), 42 active communities
Capacity assignment: 740000/860146 nodes (86.0%), 42 active communities
Capacity assignment: 745000/860146 nodes (86.6%), 42 active communities
Capacity assignment: 750000/860146 nodes (87.2%), 42 active communities
Capacity assignment: 755000/860146 nodes (87.8%), 42 active communities
Capacity assignment: 760000/860146 nodes (88.4%), 42 active communities
Capacity assignment: 765000/860146 nodes (88.9%), 42 active communities
Capacity assignment: 770000/860146 nodes (89.5%), 42 active communities
Capacity assignment: 775000/860146 nodes (90.1%), 42 active communities
Capacity assignment: 780000/860146 nodes (90.7%), 42 active communities
Capacity assignment: 785000/860146 nodes (91.3%), 42 active communities
Capacity assignment: 790000/860146 nodes (91.8%), 42 active communities
Capacity assignment: 795000/860146 nodes (92.4%), 42 active communities
Capacity assignment: 800000/860146 nodes (93.0%), 42 active communities
Capacity assignment: 805000/860146 nodes (93.6%), 42 active communities
Capacity assignment: 810000/860146 nodes (94.2%), 42 active communities
Capacity assignment: 815000/860146 nodes (94.8%), 42 active communities
Capacity assignment: 820000/860146 nodes (95.3%), 42 active communities
Capacity assignment: 825000/860146 nodes (95.9%), 42 active communities
Capacity assignment: 830000/860146 nodes (96.5%), 42 active communities
Capacity assignment: 835000/860146 nodes (97.1%), 42 active communities
Capacity assignment: 840000/860146 nodes (97.7%), 42 active communities
Capacity assignment: 845000/860146 nodes (98.2%), 42 active communities
Capacity assignment: 850000/860146 nodes (98.8%), 42 active communities
Capacity assignment: 855000/860146 nodes (99.4%), 42 active communities
Capacity assignment: 860000/860146 nodes (100.0%), 42 active communities
Capacity-based assignment complete: 860146 nodes -> 42 active communities
Processing pair 1 of 1194720
Processing pair 5000 of 1194720
Processing pair 10000 of 1194720
Processing pair 15000 of 1194720
Processing pair 20000 of 1194720
Processing pair 25000 of 1194720
Processing pair 30000 of 1194720
Processing pair 35000 of 1194720
Processing pair 40000 of 1194720
Processing pair 45000 of 1194720
Processing pair 50000 of 1194720
Processing pair 55000 of 1194720
Processing pair 60000 of 1194720
Processing pair 65000 of 1194720
Processing pair 70000 of 1194720
Processing pair 75000 of 1194720
Processing pair 80000 of 1194720
Processing pair 85000 of 1194720
Processing pair 90000 of 1194720
Processing pair 95000 of 1194720
Processing pair 100000 of 1194720
Processing pair 105000 of 1194720
Processing pair 110000 of 1194720
Processing pair 115000 of 1194720
Processing pair 120000 of 1194720
Processing pair 125000 of 1194720
Processing pair 130000 of 1194720
Processing pair 135000 of 1194720
Processing pair 140000 of 1194720
Processing pair 145000 of 1194720
Processing pair 150000 of 1194720
Processing pair 155000 of 1194720
Processing pair 160000 of 1194720
Processing pair 165000 of 1194720
Processing pair 170000 of 1194720
Processing pair 175000 of 1194720
Processing pair 180000 of 1194720
Processing pair 185000 of 1194720
Processing pair 190000 of 1194720
Processing pair 195000 of 1194720
Processing pair 200000 of 1194720
Processing pair 205000 of 1194720
Processing pair 210000 of 1194720
Processing pair 215000 of 1194720
Processing pair 220000 of 1194720
Processing pair 225000 of 1194720
Processing pair 230000 of 1194720
Processing pair 235000 of 1194720
Processing pair 240000 of 1194720
Processing pair 245000 of 1194720
Processing pair 250000 of 1194720
Processing pair 255000 of 1194720
Processing pair 260000 of 1194720
Processing pair 265000 of 1194720
Processing pair 270000 of 1194720
Processing pair 275000 of 1194720
Processing pair 280000 of 1194720
Processing pair 285000 of 1194720
Processing pair 290000 of 1194720
Processing pair 295000 of 1194720
Processing pair 300000 of 1194720
Processing pair 305000 of 1194720
Processing pair 310000 of 1194720
Processing pair 315000 of 1194720
Processing pair 320000 of 1194720
Processing pair 325000 of 1194720
Processing pair 330000 of 1194720
Processing pair 335000 of 1194720
Processing pair 340000 of 1194720
Processing pair 345000 of 1194720
Processing pair 350000 of 1194720
Processing pair 355000 of 1194720
Processing pair 360000 of 1194720
Processing pair 365000 of 1194720
Processing pair 370000 of 1194720
Processing pair 375000 of 1194720
Processing pair 380000 of 1194720
Processing pair 385000 of 1194720
Processing pair 390000 of 1194720
Processing pair 395000 of 1194720
Processing pair 400000 of 1194720
Processing pair 405000 of 1194720
Processing pair 410000 of 1194720
Processing pair 415000 of 1194720
Processing pair 420000 of 1194720
Processing pair 425000 of 1194720
Processing pair 430000 of 1194720
Processing pair 435000 of 1194720
Processing pair 440000 of 1194720
Processing pair 445000 of 1194720
Processing pair 450000 of 1194720
Processing pair 455000 of 1194720
Processing pair 460000 of 1194720
Processing pair 465000 of 1194720
Processing pair 470000 of 1194720
Processing pair 475000 of 1194720
Processing pair 480000 of 1194720
Processing pair 485000 of 1194720
Processing pair 490000 of 1194720
Processing pair 495000 of 1194720
Processing pair 500000 of 1194720
Processing pair 505000 of 1194720
Processing pair 510000 of 1194720
Processing pair 515000 of 1194720
Processing pair 520000 of 1194720
Processing pair 525000 of 1194720
Processing pair 530000 of 1194720
Processing pair 535000 of 1194720
Processing pair 540000 of 1194720
Processing pair 545000 of 1194720
Processing pair 550000 of 1194720
Processing pair 555000 of 1194720
Processing pair 560000 of 1194720
Processing pair 565000 of 1194720
Processing pair 570000 of 1194720
Processing pair 575000 of 1194720
Processing pair 580000 of 1194720
Processing pair 585000 of 1194720
Processing pair 590000 of 1194720
Processing pair 595000 of 1194720
Processing pair 600000 of 1194720
Processing pair 605000 of 1194720
Processing pair 610000 of 1194720
Processing pair 615000 of 1194720
Processing pair 620000 of 1194720
Processing pair 625000 of 1194720
Processing pair 630000 of 1194720
Processing pair 635000 of 1194720
Processing pair 640000 of 1194720
Processing pair 645000 of 1194720
Processing pair 650000 of 1194720
Processing pair 655000 of 1194720
Processing pair 660000 of 1194720
Processing pair 665000 of 1194720
Processing pair 670000 of 1194720
Processing pair 675000 of 1194720
Processing pair 680000 of 1194720
Processing pair 685000 of 1194720
Processing pair 690000 of 1194720
Processing pair 695000 of 1194720
Processing pair 700000 of 1194720
Processing pair 705000 of 1194720
Processing pair 710000 of 1194720
Processing pair 715000 of 1194720
Processing pair 720000 of 1194720
Processing pair 725000 of 1194720
Processing pair 730000 of 1194720
Processing pair 735000 of 1194720
Processing pair 740000 of 1194720
Processing pair 745000 of 1194720
Processing pair 750000 of 1194720
Processing pair 755000 of 1194720
Processing pair 760000 of 1194720
Processing pair 765000 of 1194720
Processing pair 770000 of 1194720
Processing pair 775000 of 1194720
Processing pair 780000 of 1194720
Processing pair 785000 of 1194720
Processing pair 790000 of 1194720
Processing pair 795000 of 1194720
Processing pair 800000 of 1194720
Processing pair 805000 of 1194720
Processing pair 810000 of 1194720
Processing pair 815000 of 1194720
Processing pair 820000 of 1194720
Processing pair 825000 of 1194720
Processing pair 830000 of 1194720
Processing pair 835000 of 1194720
Processing pair 840000 of 1194720
Processing pair 845000 of 1194720
Processing pair 850000 of 1194720
Processing pair 855000 of 1194720
Processing pair 860000 of 1194720
Processing pair 865000 of 1194720
Processing pair 870000 of 1194720
Processing pair 875000 of 1194720
Processing pair 880000 of 1194720
Processing pair 885000 of 1194720
Processing pair 890000 of 1194720
Processing pair 895000 of 1194720
Processing pair 900000 of 1194720
Processing pair 905000 of 1194720
Processing pair 910000 of 1194720
Processing pair 915000 of 1194720
Processing pair 920000 of 1194720
Processing pair 925000 of 1194720
Processing pair 930000 of 1194720
Processing pair 935000 of 1194720
Processing pair 940000 of 1194720
Processing pair 945000 of 1194720
Processing pair 950000 of 1194720
Processing pair 955000 of 1194720
Processing pair 960000 of 1194720
Processing pair 965000 of 1194720
Processing pair 970000 of 1194720
Processing pair 975000 of 1194720
Processing pair 980000 of 1194720
Processing pair 985000 of 1194720
Processing pair 990000 of 1194720
Processing pair 995000 of 1194720
Processing pair 1000000 of 1194720
Processing pair 1005000 of 1194720
Processing pair 1010000 of 1194720
Processing pair 1015000 of 1194720
Processing pair 1020000 of 1194720
Processing pair 1025000 of 1194720
Processing pair 1030000 of 1194720
Processing pair 1035000 of 1194720
Processing pair 1040000 of 1194720
Processing pair 1045000 of 1194720
Processing pair 1050000 of 1194720
Processing pair 1055000 of 1194720
Processing pair 1060000 of 1194720
Processing pair 1065000 of 1194720
Processing pair 1070000 of 1194720
Processing pair 1075000 of 1194720
Processing pair 1080000 of 1194720
Processing pair 1085000 of 1194720
Processing pair 1090000 of 1194720
Processing pair 1095000 of 1194720
Processing pair 1100000 of 1194720
Processing pair 1105000 of 1194720
Processing pair 1110000 of 1194720
Processing pair 1115000 of 1194720
Processing pair 1120000 of 1194720
Processing pair 1125000 of 1194720
Processing pair 1130000 of 1194720
Processing pair 1135000 of 1194720
Processing pair 1140000 of 1194720
Processing pair 1145000 of 1194720
Processing pair 1150000 of 1194720
Processing pair 1155000 of 1194720
Processing pair 1160000 of 1194720
Processing pair 1165000 of 1194720
Processing pair 1170000 of 1194720
Processing pair 1175000 of 1194720
Processing pair 1180000 of 1194720
Processing pair 1185000 of 1194720
Processing pair 1190000 of 1194720
Processing pair 1194720 of 1194720
Task 4/199: pref_attachment=0.0000, n_communities=42
Found 11 enriched pairs to generate.

============================================================
PA=0.00  comms=42  [enriched/etngrp_geslacht]
============================================================
============================================================
COMMUNITY CREATION (mode=capacity)
============================================================
dict_keys([])
  Created 860188 nodes in 10 groups
21882770
Calculating link requirements...
Total requested links: 21882770 (target: 21882770)

Assigning nodes (penalty=3.0, initial communities=42)...
  Pre-seeded 42 communities from least-interacting groups; 860146 nodes remaining for SA
Using Rust backend for capacity-based node processing...

Capacity-based community assignment complete: 860188 nodes -> 42 communities

Community size statistics (42 communities):
  Largest:  21305
  Smallest: 20222
  Mean:     20480.7
  Median:   20461.0
  Std:      167.0
  Q1/Q3:    20399.5 / 20503.8

Community assignments saved to /tmp/tmpj4yldwd4.json
============================================================

============================================================
NETWORK GENERATION
============================================================

Step 1: Creating nodes from population data...
dict_keys([])
  Created 860188 nodes

Step 2: Creating edges from interaction patterns...
21882770
Calculating link requirements...
Total requested links: 21882770 (target: 21882770)

Step 2a: Loading communities from file...
  Loaded 42 communities from /tmp/tmpj4yldwd4.json

Step 2b: Creating edges using community structure...
Using Rust backend for edge creation...
Building community lookup for group pairs...
  Found 100 group pairs
  Average communities per pair: 42.0

  Created 21882770 edges

Step 3: Filling remaining unfulfilled group pairs...

Filling unfulfilled group pairs...
  Total pairs: 100
  Fulfilled: 100
  Unfulfilled: 0
  Edges added: 0
  Reciprocal edges added: 0

============================================================
NETWORK GENERATION COMPLETE
============================================================
Nodes: 860188
Edges: 21882770

Link Fulfillment:
  Requested: 21882770
  Created: 21882770
  Difference: +0
  Rate: 100.0%

Saved to: my_networks/scale=1_comms=42_recip=1_trans=0_pa=0.00_bridge=0.2/enriched/etngrp_geslacht
============================================================

Generation time: 158.07s
Nodes: 860188, Edges: 21882770
Reciprocity:   0.9967
Transitivity:  0.0027
Modularity:    None
Degree — mean: 25.44, std: 15.25, median: 20.0, min: 2, max: 97, Q1: 17.0, Q3: 25.0, skew: 1.7362
Stats saved to Data/networks/enriched/scale=1_comms=42_recip=1_trans=0_pa=0.00_bridge=0.2/etngrp_geslacht_stats.json

============================================================
PA=0.00  comms=42  [enriched/etngrp_geslacht_lft_arbeidsstatus_uitkeringstype_burgerlijke_staat]
============================================================
============================================================
COMMUNITY CREATION (mode=capacity)
============================================================
dict_keys([])
  Created 860188 nodes in 1885 groups
21882770
Calculating link requirements...
Total requested links: 21882770 (target: 21882770)

Assigning nodes (penalty=3.0, initial communities=42)...
  Pre-seeded 42 communities from least-interacting groups; 860146 nodes remaining for SA
Using Rust backend for capacity-based node processing...

Capacity-based community assignment complete: 860188 nodes -> 42 communities

Community size statistics (42 communities):
  Largest:  24044
  Smallest: 19221
  Mean:     20480.7
  Median:   20374.0
  Std:      729.0
  Q1/Q3:    20143.5 / 20672.5

Community assignments saved to /tmp/tmp51txdtlb.json
============================================================

============================================================
NETWORK GENERATION
============================================================

Step 1: Creating nodes from population data...
dict_keys([])
  Created 860188 nodes

Step 2: Creating edges from interaction patterns...
21882770
Calculating link requirements...
Total requested links: 21882770 (target: 21882770)

Step 2a: Loading communities from file...
  Loaded 42 communities from /tmp/tmp51txdtlb.json

Step 2b: Creating edges using community structure...
Using Rust backend for edge creation...
Building community lookup for group pairs...
  Found 1194714 group pairs
  Average communities per pair: 37.7

  Created 21882764 edges

Step 3: Filling remaining unfulfilled group pairs...

Filling unfulfilled group pairs...
  Total pairs: 1194720
  Fulfilled: 1194714
  Unfulfilled: 6
Capacity assignment: 5000/860146 nodes (0.6%), 42 active communities
Capacity assignment: 10000/860146 nodes (1.2%), 42 active communities
Capacity assignment: 15000/860146 nodes (1.7%), 42 active communities
Capacity assignment: 20000/860146 nodes (2.3%), 42 active communities
Capacity assignment: 25000/860146 nodes (2.9%), 42 active communities
Capacity assignment: 30000/860146 nodes (3.5%), 42 active communities
Capacity assignment: 35000/860146 nodes (4.1%), 42 active communities
Capacity assignment: 40000/860146 nodes (4.7%), 42 active communities
Capacity assignment: 45000/860146 nodes (5.2%), 42 active communities
Capacity assignment: 50000/860146 nodes (5.8%), 42 active communities
Capacity assignment: 55000/860146 nodes (6.4%), 42 active communities
Capacity assignment: 60000/860146 nodes (7.0%), 42 active communities
Capacity assignment: 65000/860146 nodes (7.6%), 42 active communities
Capacity assignment: 70000/860146 nodes (8.1%), 42 active communities
Capacity assignment: 75000/860146 nodes (8.7%), 42 active communities
Capacity assignment: 80000/860146 nodes (9.3%), 42 active communities
Capacity assignment: 85000/860146 nodes (9.9%), 42 active communities
Capacity assignment: 90000/860146 nodes (10.5%), 42 active communities
Capacity assignment: 95000/860146 nodes (11.0%), 42 active communities
Capacity assignment: 100000/860146 nodes (11.6%), 42 active communities
Capacity assignment: 105000/860146 nodes (12.2%), 42 active communities
Capacity assignment: 110000/860146 nodes (12.8%), 42 active communities
Capacity assignment: 115000/860146 nodes (13.4%), 42 active communities
Capacity assignment: 120000/860146 nodes (14.0%), 42 active communities
Capacity assignment: 125000/860146 nodes (14.5%), 42 active communities
Capacity assignment: 130000/860146 nodes (15.1%), 42 active communities
Capacity assignment: 135000/860146 nodes (15.7%), 42 active communities
Capacity assignment: 140000/860146 nodes (16.3%), 42 active communities
Capacity assignment: 145000/860146 nodes (16.9%), 42 active communities
Capacity assignment: 150000/860146 nodes (17.4%), 42 active communities
Capacity assignment: 155000/860146 nodes (18.0%), 42 active communities
Capacity assignment: 160000/860146 nodes (18.6%), 42 active communities
Capacity assignment: 165000/860146 nodes (19.2%), 42 active communities
Capacity assignment: 170000/860146 nodes (19.8%), 42 active communities
Capacity assignment: 175000/860146 nodes (20.3%), 42 active communities
Capacity assignment: 180000/860146 nodes (20.9%), 42 active communities
Capacity assignment: 185000/860146 nodes (21.5%), 42 active communities
Capacity assignment: 190000/860146 nodes (22.1%), 42 active communities
Capacity assignment: 195000/860146 nodes (22.7%), 42 active communities
Capacity assignment: 200000/860146 nodes (23.3%), 42 active communities
Capacity assignment: 205000/860146 nodes (23.8%), 42 active communities
Capacity assignment: 210000/860146 nodes (24.4%), 42 active communities
Capacity assignment: 215000/860146 nodes (25.0%), 42 active communities
Capacity assignment: 220000/860146 nodes (25.6%), 42 active communities
Capacity assignment: 225000/860146 nodes (26.2%), 42 active communities
Capacity assignment: 230000/860146 nodes (26.7%), 42 active communities
Capacity assignment: 235000/860146 nodes (27.3%), 42 active communities
Capacity assignment: 240000/860146 nodes (27.9%), 42 active communities
Capacity assignment: 245000/860146 nodes (28.5%), 42 active communities
Capacity assignment: 250000/860146 nodes (29.1%), 42 active communities
Capacity assignment: 255000/860146 nodes (29.6%), 42 active communities
Capacity assignment: 260000/860146 nodes (30.2%), 42 active communities
Capacity assignment: 265000/860146 nodes (30.8%), 42 active communities
Capacity assignment: 270000/860146 nodes (31.4%), 42 active communities
Capacity assignment: 275000/860146 nodes (32.0%), 42 active communities
Capacity assignment: 280000/860146 nodes (32.6%), 42 active communities
Capacity assignment: 285000/860146 nodes (33.1%), 42 active communities
Capacity assignment: 290000/860146 nodes (33.7%), 42 active communities
Capacity assignment: 295000/860146 nodes (34.3%), 42 active communities
Capacity assignment: 300000/860146 nodes (34.9%), 42 active communities
Capacity assignment: 305000/860146 nodes (35.5%), 42 active communities
Capacity assignment: 310000/860146 nodes (36.0%), 42 active communities
Capacity assignment: 315000/860146 nodes (36.6%), 42 active communities
Capacity assignment: 320000/860146 nodes (37.2%), 42 active communities
Capacity assignment: 325000/860146 nodes (37.8%), 42 active communities
Capacity assignment: 330000/860146 nodes (38.4%), 42 active communities
Capacity assignment: 335000/860146 nodes (38.9%), 42 active communities
Capacity assignment: 340000/860146 nodes (39.5%), 42 active communities
Capacity assignment: 345000/860146 nodes (40.1%), 42 active communities
Capacity assignment: 350000/860146 nodes (40.7%), 42 active communities
Capacity assignment: 355000/860146 nodes (41.3%), 42 active communities
Capacity assignment: 360000/860146 nodes (41.9%), 42 active communities
Capacity assignment: 365000/860146 nodes (42.4%), 42 active communities
Capacity assignment: 370000/860146 nodes (43.0%), 42 active communities
Capacity assignment: 375000/860146 nodes (43.6%), 42 active communities
Capacity assignment: 380000/860146 nodes (44.2%), 42 active communities
Capacity assignment: 385000/860146 nodes (44.8%), 42 active communities
Capacity assignment: 390000/860146 nodes (45.3%), 42 active communities
Capacity assignment: 395000/860146 nodes (45.9%), 42 active communities
Capacity assignment: 400000/860146 nodes (46.5%), 42 active communities
Capacity assignment: 405000/860146 nodes (47.1%), 42 active communities
Capacity assignment: 410000/860146 nodes (47.7%), 42 active communities
Capacity assignment: 415000/860146 nodes (48.2%), 42 active communities
Capacity assignment: 420000/860146 nodes (48.8%), 42 active communities
Capacity assignment: 425000/860146 nodes (49.4%), 42 active communities
Capacity assignment: 430000/860146 nodes (50.0%), 42 active communities
Capacity assignment: 435000/860146 nodes (50.6%), 42 active communities
Capacity assignment: 440000/860146 nodes (51.2%), 42 active communities
Capacity assignment: 445000/860146 nodes (51.7%), 42 active communities
Capacity assignment: 450000/860146 nodes (52.3%), 42 active communities
Capacity assignment: 455000/860146 nodes (52.9%), 42 active communities
Capacity assignment: 460000/860146 nodes (53.5%), 42 active communities
Capacity assignment: 465000/860146 nodes (54.1%), 42 active communities
Capacity assignment: 470000/860146 nodes (54.6%), 42 active communities
Capacity assignment: 475000/860146 nodes (55.2%), 42 active communities
Capacity assignment: 480000/860146 nodes (55.8%), 42 active communities
Capacity assignment: 485000/860146 nodes (56.4%), 42 active communities
Capacity assignment: 490000/860146 nodes (57.0%), 42 active communities
Capacity assignment: 495000/860146 nodes (57.5%), 42 active communities
Capacity assignment: 500000/860146 nodes (58.1%), 42 active communities
Capacity assignment: 505000/860146 nodes (58.7%), 42 active communities
Capacity assignment: 510000/860146 nodes (59.3%), 42 active communities
Capacity assignment: 515000/860146 nodes (59.9%), 42 active communities
Capacity assignment: 520000/860146 nodes (60.5%), 42 active communities
Capacity assignment: 525000/860146 nodes (61.0%), 42 active communities
Capacity assignment: 530000/860146 nodes (61.6%), 42 active communities
Capacity assignment: 535000/860146 nodes (62.2%), 42 active communities
Capacity assignment: 540000/860146 nodes (62.8%), 42 active communities
Capacity assignment: 545000/860146 nodes (63.4%), 42 active communities
Capacity assignment: 550000/860146 nodes (63.9%), 42 active communities
Capacity assignment: 555000/860146 nodes (64.5%), 42 active communities
Capacity assignment: 560000/860146 nodes (65.1%), 42 active communities
Capacity assignment: 565000/860146 nodes (65.7%), 42 active communities
Capacity assignment: 570000/860146 nodes (66.3%), 42 active communities
Capacity assignment: 575000/860146 nodes (66.8%), 42 active communities
Capacity assignment: 580000/860146 nodes (67.4%), 42 active communities
Capacity assignment: 585000/860146 nodes (68.0%), 42 active communities
Capacity assignment: 590000/860146 nodes (68.6%), 42 active communities
Capacity assignment: 595000/860146 nodes (69.2%), 42 active communities
Capacity assignment: 600000/860146 nodes (69.8%), 42 active communities
Capacity assignment: 605000/860146 nodes (70.3%), 42 active communities
Capacity assignment: 610000/860146 nodes (70.9%), 42 active communities
Capacity assignment: 615000/860146 nodes (71.5%), 42 active communities
Capacity assignment: 620000/860146 nodes (72.1%), 42 active communities
Capacity assignment: 625000/860146 nodes (72.7%), 42 active communities
Capacity assignment: 630000/860146 nodes (73.2%), 42 active communities
Capacity assignment: 635000/860146 nodes (73.8%), 42 active communities
Capacity assignment: 640000/860146 nodes (74.4%), 42 active communities
Capacity assignment: 645000/860146 nodes (75.0%), 42 active communities
Capacity assignment: 650000/860146 nodes (75.6%), 42 active communities
Capacity assignment: 655000/860146 nodes (76.1%), 42 active communities
Capacity assignment: 660000/860146 nodes (76.7%), 42 active communities
Capacity assignment: 665000/860146 nodes (77.3%), 42 active communities
Capacity assignment: 670000/860146 nodes (77.9%), 42 active communities
Capacity assignment: 675000/860146 nodes (78.5%), 42 active communities
Capacity assignment: 680000/860146 nodes (79.1%), 42 active communities
Capacity assignment: 685000/860146 nodes (79.6%), 42 active communities
Capacity assignment: 690000/860146 nodes (80.2%), 42 active communities
Capacity assignment: 695000/860146 nodes (80.8%), 42 active communities
Capacity assignment: 700000/860146 nodes (81.4%), 42 active communities
Capacity assignment: 705000/860146 nodes (82.0%), 42 active communities
Capacity assignment: 710000/860146 nodes (82.5%), 42 active communities
Capacity assignment: 715000/860146 nodes (83.1%), 42 active communities
Capacity assignment: 720000/860146 nodes (83.7%), 42 active communities
Capacity assignment: 725000/860146 nodes (84.3%), 42 active communities
Capacity assignment: 730000/860146 nodes (84.9%), 42 active communities
Capacity assignment: 735000/860146 nodes (85.5%), 42 active communities
Capacity assignment: 740000/860146 nodes (86.0%), 42 active communities
Capacity assignment: 745000/860146 nodes (86.6%), 42 active communities
Capacity assignment: 750000/860146 nodes (87.2%), 42 active communities
Capacity assignment: 755000/860146 nodes (87.8%), 42 active communities
Capacity assignment: 760000/860146 nodes (88.4%), 42 active communities
Capacity assignment: 765000/860146 nodes (88.9%), 42 active communities
Capacity assignment: 770000/860146 nodes (89.5%), 42 active communities
Capacity assignment: 775000/860146 nodes (90.1%), 42 active communities
Capacity assignment: 780000/860146 nodes (90.7%), 42 active communities
Capacity assignment: 785000/860146 nodes (91.3%), 42 active communities
Capacity assignment: 790000/860146 nodes (91.8%), 42 active communities
Capacity assignment: 795000/860146 nodes (92.4%), 42 active communities
Capacity assignment: 800000/860146 nodes (93.0%), 42 active communities
Capacity assignment: 805000/860146 nodes (93.6%), 42 active communities
Capacity assignment: 810000/860146 nodes (94.2%), 42 active communities
Capacity assignment: 815000/860146 nodes (94.8%), 42 active communities
Capacity assignment: 820000/860146 nodes (95.3%), 42 active communities
Capacity assignment: 825000/860146 nodes (95.9%), 42 active communities
Capacity assignment: 830000/860146 nodes (96.5%), 42 active communities
Capacity assignment: 835000/860146 nodes (97.1%), 42 active communities
Capacity assignment: 840000/860146 nodes (97.7%), 42 active communities
Capacity assignment: 845000/860146 nodes (98.2%), 42 active communities
Capacity assignment: 850000/860146 nodes (98.8%), 42 active communities
Capacity assignment: 855000/860146 nodes (99.4%), 42 active communities
Capacity assignment: 860000/860146 nodes (100.0%), 42 active communities
Capacity-based assignment complete: 860146 nodes -> 42 active communities
Processing pair 1 of 29799
Processing pair 5000 of 29799
Processing pair 10000 of 29799
Processing pair 15000 of 29799
Processing pair 20000 of 29799
Processing pair 25000 of 29799
Processing pair 29799 of 29799
Capacity assignment: 5000/85976 nodes (5.8%), 42 active communities
Capacity assignment: 10000/85976 nodes (11.6%), 42 active communities
Capacity assignment: 15000/85976 nodes (17.4%), 42 active communities
Capacity assignment: 20000/85976 nodes (23.3%), 42 active communities
Capacity assignment: 25000/85976 nodes (29.1%), 42 active communities
Capacity assignment: 30000/85976 nodes (34.9%), 42 active communities
Capacity assignment: 35000/85976 nodes (40.7%), 42 active communities
Capacity assignment: 40000/85976 nodes (46.5%), 42 active communities
Capacity assignment: 45000/85976 nodes (52.3%), 42 active communities
Capacity assignment: 50000/85976 nodes (58.2%), 42 active communities
Capacity assignment: 55000/85976 nodes (64.0%), 42 active communities
Capacity assignment: 60000/85976 nodes (69.8%), 42 active communities
Capacity assignment: 65000/85976 nodes (75.6%), 42 active communities
Capacity assignment: 70000/85976 nodes (81.4%), 42 active communities
Capacity assignment: 75000/85976 nodes (87.2%), 42 active communities
Capacity assignment: 80000/85976 nodes (93.0%), 42 active communities
Capacity assignment: 85000/85976 nodes (98.9%), 42 active communities
Capacity-based assignment complete: 85976 nodes -> 42 active communities
Processing pair 1 of 236710
Processing pair 5000 of 236710
Processing pair 10000 of 236710
Processing pair 15000 of 236710
Processing pair 20000 of 236710
Processing pair 25000 of 236710
Processing pair 30000 of 236710
Processing pair 35000 of 236710
Processing pair 40000 of 236710
Processing pair 45000 of 236710
Processing pair 50000 of 236710
Processing pair 55000 of 236710
Processing pair 60000 of 236710
Processing pair 65000 of 236710
Processing pair 70000 of 236710
Processing pair 75000 of 236710
Processing pair 80000 of 236710
Processing pair 85000 of 236710
Processing pair 90000 of 236710
Processing pair 95000 of 236710
Processing pair 100000 of 236710
Processing pair 105000 of 236710
Processing pair 110000 of 236710
Processing pair 115000 of 236710
Processing pair 120000 of 236710
Processing pair 125000 of 236710
Processing pair 130000 of 236710
Processing pair 135000 of 236710
Processing pair 140000 of 236710
Processing pair 145000 of 236710
Processing pair 150000 of 236710
Processing pair 155000 of 236710
Processing pair 160000 of 236710
Processing pair 165000 of 236710
Processing pair 170000 of 236710
Processing pair 175000 of 236710
Processing pair 180000 of 236710
Processing pair 185000 of 236710
Processing pair 190000 of 236710
Processing pair 195000 of 236710
Processing pair 200000 of 236710
Processing pair 205000 of 236710
Processing pair 210000 of 236710
Processing pair 215000 of 236710
Processing pair 220000 of 236710
Processing pair 225000 of 236710
Processing pair 230000 of 236710
Processing pair 235000 of 236710
Processing pair 236710 of 236710
  Edges added: 3
  Reciprocal edges added: 3

============================================================
NETWORK GENERATION COMPLETE
============================================================
Nodes: 860188
Edges: 21882770

Link Fulfillment:
  Requested: 21882770
  Created: 21882770
  Difference: +0
  Rate: 100.0%

Saved to: my_networks/scale=1_comms=42_recip=1_trans=0_pa=0.00_bridge=0.2/enriched/etngrp_geslacht_lft_arbeidsstatus_uitkeringstype_burgerlijke_staat
============================================================

Generation time: 694.51s
Nodes: 860188, Edges: 21882770
Reciprocity:   0.9773
Transitivity:  0.1276
Modularity:    None
Degree — mean: 25.44, std: 35.18, median: 19.0, min: 0, max: 446, Q1: 15.0, Q3: 24.0, skew: 5.6244
Stats saved to Data/networks/enriched/scale=1_comms=42_recip=1_trans=0_pa=0.00_bridge=0.2/etngrp_geslacht_lft_arbeidsstatus_uitkeringstype_burgerlijke_staat_stats.json

============================================================
PA=0.00  comms=42  [enriched/etngrp_geslacht_lft_oplniv]
============================================================
============================================================
COMMUNITY CREATION (mode=capacity)
============================================================
dict_keys([])
  Created 860188 nodes in 217 groups
21882770
Calculating link requirements...
Total requested links: 21882770 (target: 21882770)

Assigning nodes (penalty=3.0, initial communities=42)...
  Pre-seeded 42 communities from least-interacting groups; 860146 nodes remaining for SA
Using Rust backend for capacity-based node processing...

Capacity-based community assignment complete: 860188 nodes -> 42 communities

Community size statistics (42 communities):
  Largest:  21408
  Smallest: 19304
  Mean:     20480.7
  Median:   20469.5
  Std:      333.0
  Q1/Q3:    20354.5 / 20579.2

Community assignments saved to /tmp/tmpmn_7hm9n.json
============================================================

============================================================
NETWORK GENERATION
============================================================

Step 1: Creating nodes from population data...
dict_keys([])
  Created 860188 nodes

Step 2: Creating edges from interaction patterns...
21882770
Calculating link requirements...
Total requested links: 21882770 (target: 21882770)

Step 2a: Loading communities from file...
  Loaded 42 communities from /tmp/tmpmn_7hm9n.json

Step 2b: Creating edges using community structure...
Using Rust backend for edge creation...
Building community lookup for group pairs...
  Found 29799 group pairs
  Average communities per pair: 41.8

  Created 21882770 edges

Step 3: Filling remaining unfulfilled group pairs...

Filling unfulfilled group pairs...
  Total pairs: 29799
  Fulfilled: 29799
  Unfulfilled: 0
  Edges added: 0
  Reciprocal edges added: 0

============================================================
NETWORK GENERATION COMPLETE
============================================================
Nodes: 860188
Edges: 21882770

Link Fulfillment:
  Requested: 21882770
  Created: 21882770
  Difference: +0
  Rate: 100.0%

Saved to: my_networks/scale=1_comms=42_recip=1_trans=0_pa=0.00_bridge=0.2/enriched/etngrp_geslacht_lft_oplniv
============================================================

Generation time: 279.38s
Nodes: 860188, Edges: 21882770
Reciprocity:   0.9701
Transitivity:  0.3365
Modularity:    None
Degree — mean: 25.44, std: 45.3, median: 19.0, min: 0, max: 424, Q1: 15.0, Q3: 23.0, skew: 7.1978
Stats saved to Data/networks/enriched/scale=1_comms=42_recip=1_trans=0_pa=0.00_bridge=0.2/etngrp_geslacht_lft_oplniv_stats.json

============================================================
PA=0.00  comms=42  [enriched/etngrp_geslacht_lft_oplniv_burgerlijke_staat]
============================================================
============================================================
COMMUNITY CREATION (mode=capacity)
============================================================
dict_keys([])
  Created 86018 nodes in 838 groups
2188045
Calculating link requirements...
Total requested links: 2188045 (target: 2188045)

Assigning nodes (penalty=3.0, initial communities=42)...
  Pre-seeded 42 communities from least-interacting groups; 85976 nodes remaining for SA
Using Rust backend for capacity-based node processing...

Capacity-based community assignment complete: 86018 nodes -> 42 communities

Community size statistics (42 communities):
  Largest:  2748
  Smallest: 1760
  Mean:     2048.0
  Median:   2012.0
  Std:      205.0
  Q1/Q3:    1917.2 / 2112.2

Community assignments saved to /tmp/tmplpu20zog.json
============================================================

============================================================
NETWORK GENERATION
============================================================

Step 1: Creating nodes from population data...
dict_keys([])
  Created 86018 nodes

Step 2: Creating edges from interaction patterns...
2188045
Calculating link requirements...
Total requested links: 2188045 (target: 2188045)

Step 2a: Loading communities from file...
  Loaded 42 communities from /tmp/tmplpu20zog.json

Step 2b: Creating edges using community structure...
Using Rust backend for edge creation...
Building community lookup for group pairs...
  Found 236657 group pairs
  Average communities per pair: 29.2

  Created 1936304 edges

Step 3: Filling remaining unfulfilled group pairs...

Filling unfulfilled group pairs...
  Total pairs: 236710
  Fulfilled: 236615
  Unfulfilled: 95
Capacity assignment: 5000/860146 nodes (0.6%), 42 active communities
Capacity assignment: 10000/860146 nodes (1.2%), 42 active communities
Capacity assignment: 15000/860146 nodes (1.7%), 42 active communities
Capacity assignment: 20000/860146 nodes (2.3%), 42 active communities
Capacity assignment: 25000/860146 nodes (2.9%), 42 active communities
Capacity assignment: 30000/860146 nodes (3.5%), 42 active communities
Capacity assignment: 35000/860146 nodes (4.1%), 42 active communities
Capacity assignment: 40000/860146 nodes (4.7%), 42 active communities
Capacity assignment: 45000/860146 nodes (5.2%), 42 active communities
Capacity assignment: 50000/860146 nodes (5.8%), 42 active communities
Capacity assignment: 55000/860146 nodes (6.4%), 42 active communities
Capacity assignment: 60000/860146 nodes (7.0%), 42 active communities
Capacity assignment: 65000/860146 nodes (7.6%), 42 active communities
Capacity assignment: 70000/860146 nodes (8.1%), 42 active communities
